#
# A fatal error has been detected by the Java Runtime Environment:
#
#  EXCEPTION_ACCESS_VIOLATION (0xc0000005) at pc=0x000000006bfdb947, pid=3884, tid=0x0000000000001960
#
# JRE version:  (8.0_112-b06) (build )
# Java VM: OpenJDK 64-Bit Server VM (25.112-b06 mixed mode windows-amd64 compressed oops)
# Problematic frame:
# V  [jvm.dll+0x1eb947]
#
# Failed to write core dump. Minidumps are not enabled by default on client versions of Windows
#
# If you would like to submit a bug report, please visit:
#   http://bugreport.java.com/bugreport/crash.jsp
#

---------------  T H R E A D  ---------------

Current thread (0x00000000000fe800):  JavaThread "Unknown thread" [_thread_in_vm, id=6496, stack(0x00000000025c0000,0x00000000026c0000)]

siginfo: ExceptionCode=0xc0000005, writing address 0x00000000026b9320

Registers:
RAX=0x00000000026b9320, RBX=0x0000000000000007, RCX=0x0000000000006000, RDX=0x0000000000000004
RSP=0x00000000026bf320, RBP=0x0000000000000000, RSI=0x00000000026bf320, RDI=0x0000000000000007
R8 =0x0000000000000004, R9 =0x0000000002547260, R10=0x0000000055560ca8, R11=0x00000000025ca138
R12=0x0000000002547260, R13=0x00000000000fe800, R14=0x00000000026bf450, R15=0x0000000055560ca8
RIP=0x000000006bfdb947, EFLAGS=0x0000000000010202

Top of Stack: (sp=0x00000000026bf320)
0x00000000026bf320:   0000000000000000 000000006b020000
0x00000000026bf330:   00000000000fe800 0000000002547260
0x00000000026bf340:   00000000ffffffff 000000006bfdc877
0x00000000026bf350:   00000000026bf450 0000000055560ca8
0x00000000026bf360:   00000000000fe800 0000000000000000
0x00000000026bf370:   0000000015571098 0000000000000000
0x00000000026bf380:   0000000000000000 000000006bfdf001
0x00000000026bf390:   0000000055560ca8 00000000000fe800
0x00000000026bf3a0:   00000000026d2f20 0000000000000000
0x00000000026bf3b0:   0000000055ee3e01 0000000000000000
0x00000000026bf3c0:   0000000000000000 0000000002568c40
0x00000000026bf3d0:   0000648f64136443 0000000055560ca8
0x00000000026bf3e0:   00000000000fe800 000000006bec14fb
0x00000000026bf3f0:   00000000000ff2f8 00000000000ff2f8
0x00000000026bf400:   00000000026bf598 000000006bdfad25
0x00000000026bf410:   0000000055567918 000000006bed7058 

Instructions: (pc=0x000000006bfdb947)
0x000000006bfdb927:   48 89 6c 24 30 33 ed 66 90 e8 cb b8 07 00 ff c3
0x000000006bfdb937:   48 63 c8 48 8b c6 48 0f af cf 48 ff c7 48 2b c1
0x000000006bfdb947:   89 28 48 63 c3 48 3b 05 45 2c 57 00 7e db 48 8b
0x000000006bfdb957:   6c 24 30 48 8b 5c 24 38 48 8b 74 24 40 48 83 c4 


Register to memory mapping:

RAX=0x00000000026b9320 is pointing into the stack for thread: 0x00000000000fe800
RBX=0x0000000000000007 is an unknown value
RCX=0x0000000000006000 is an unknown value
RDX=0x0000000000000004 is an unknown value
RSP=0x00000000026bf320 is pointing into the stack for thread: 0x00000000000fe800
RBP=0x0000000000000000 is an unknown value
RSI=0x00000000026bf320 is pointing into the stack for thread: 0x00000000000fe800
RDI=0x0000000000000007 is an unknown value
R8 =0x0000000000000004 is an unknown value
R9 =0x0000000002547260 is an unknown value
R10={method} {0x0000000055560cb0} '<clinit>' '()V' in 'java/lang/Object'
R11=0x00000000025ca138 is pointing into the stack for thread: 0x00000000000fe800
R12=0x0000000002547260 is an unknown value
R13=0x00000000000fe800 is a thread
R14=0x00000000026bf450 is pointing into the stack for thread: 0x00000000000fe800
R15={method} {0x0000000055560cb0} '<clinit>' '()V' in 'java/lang/Object'


Stack: [0x00000000025c0000,0x00000000026c0000],  sp=0x00000000026bf320,  free space=1020k
Native frames: (J=compiled Java code, j=interpreted, Vv=VM code, C=native code)


---------------  P R O C E S S  ---------------

Java Threads: ( => current thread )
=>0x00000000000fe800 JavaThread "Unknown thread" [_thread_in_vm, id=6496, stack(0x00000000025c0000,0x00000000026c0000)]

Other Threads:
  0x00000000570b0800 VMThread [stack: 0x0000000058cf0000,0x0000000058df0000] [id=5080]

VM state:not at safepoint (normal execution)

VM Mutex/Monitor currently owned by a thread: None

Heap:
 PSYoungGen      total 38400K, used 665K [0x00000000eab00000, 0x00000000ed580000, 0x0000000100000000)
  eden space 33280K, 2% used [0x00000000eab00000,0x00000000eaba6670,0x00000000ecb80000)
  from space 5120K, 0% used [0x00000000ed080000,0x00000000ed080000,0x00000000ed580000)
  to   space 5120K, 0% used [0x00000000ecb80000,0x00000000ecb80000,0x00000000ed080000)
 ParOldGen       total 87552K, used 0K [0x00000000c0000000, 0x00000000c5580000, 0x00000000eab00000)
  object space 87552K, 0% used [0x00000000c0000000,0x00000000c0000000,0x00000000c5580000)
 Metaspace       used 776K, capacity 4480K, committed 4480K, reserved 1056768K
  class space    used 73K, capacity 384K, committed 384K, reserved 1048576K

Card table byte_map: [0x0000000011a80000,0x0000000011c90000] byte_map_base: 0x0000000011480000

Marking Bits: (ParMarkBitMap*) 0x000000006c5b18f0
 Begin Bits: [0x0000000013360000, 0x0000000014360000)
 End Bits:   [0x0000000014360000, 0x0000000015360000)

Polling page: 0x0000000000140000

CodeCache: size=245760Kb used=356Kb max_used=356Kb free=245403Kb
 bounds [0x00000000026c0000, 0x0000000002930000, 0x00000000116c0000]
 total_blobs=71 nmethods=0 adapters=48
 compilation: enabled

Compilation events (0 events):
No events

GC Heap History (0 events):
No events

Deoptimization events (0 events):
No events

Internal exceptions (0 events):
No events

Events (10 events):
Event: 0.020 loading class java/lang/Short done
Event: 0.020 loading class java/lang/Integer
Event: 0.020 loading class java/lang/Integer done
Event: 0.020 loading class java/lang/Long
Event: 0.020 loading class java/lang/Long done
Event: 0.021 loading class java/lang/NullPointerException
Event: 0.021 loading class java/lang/NullPointerException done
Event: 0.021 loading class java/lang/ArithmeticException
Event: 0.021 loading class java/lang/ArithmeticException done
Event: 0.022 Thread 0x00000000000fe800 Thread added: 0x00000000000fe800


Dynamic libraries:
0x000000013fbc0000 - 0x000000013fbf1000 	E:\Android\AS\jre\bin\java.exe
0x0000000077400000 - 0x00000000775aa000 	C:\Windows\SYSTEM32\ntdll.dll
0x00000000772e0000 - 0x00000000773ff000 	C:\Windows\system32\kernel32.dll
0x000007fefd240000 - 0x000007fefd2aa000 	C:\Windows\system32\KERNELBASE.dll
0x000007fefe430000 - 0x000007fefe50b000 	C:\Windows\system32\ADVAPI32.dll
0x000007fefdfe0000 - 0x000007fefe07f000 	C:\Windows\system32\msvcrt.dll
0x000007fefd4a0000 - 0x000007fefd4bf000 	C:\Windows\SYSTEM32\sechost.dll
0x000007feff5e0000 - 0x000007feff70d000 	C:\Windows\system32\RPCRT4.dll
0x00000000771e0000 - 0x00000000772da000 	C:\Windows\system32\USER32.dll
0x000007fefdac0000 - 0x000007fefdb27000 	C:\Windows\system32\GDI32.dll
0x000007fefe080000 - 0x000007fefe08e000 	C:\Windows\system32\LPK.dll
0x000007fefdd40000 - 0x000007fefde0a000 	C:\Windows\system32\USP10.dll
0x000007fefbc60000 - 0x000007fefbe54000 	C:\Windows\WinSxS\amd64_microsoft.windows.common-controls_6595b64144ccf1df_6.0.7601.18837_none_fa3b1e3d17594757\COMCTL32.dll
0x000007fefde10000 - 0x000007fefde81000 	C:\Windows\system32\SHLWAPI.dll
0x000007fefe320000 - 0x000007fefe34e000 	C:\Windows\system32\IMM32.DLL
0x000007feff340000 - 0x000007feff449000 	C:\Windows\system32\MSCTF.dll
0x000000006a920000 - 0x000000006a9f2000 	E:\Android\AS\jre\jre\bin\msvcr100.dll
0x000000006bdf0000 - 0x000000006c62c000 	E:\Android\AS\jre\jre\bin\server\jvm.dll
0x000007fefb310000 - 0x000007fefb319000 	C:\Windows\system32\WSOCK32.dll
0x000007fefdef0000 - 0x000007fefdf3d000 	C:\Windows\system32\WS2_32.dll
0x000007fefe090000 - 0x000007fefe098000 	C:\Windows\system32\NSI.dll
0x000007fef8a10000 - 0x000007fef8a4b000 	C:\Windows\system32\WINMM.dll
0x000007fefc1d0000 - 0x000007fefc1dc000 	C:\Windows\system32\VERSION.dll
0x00000000775d0000 - 0x00000000775d7000 	C:\Windows\system32\PSAPI.DLL
0x000007fef63d0000 - 0x000007fef63df000 	E:\Android\AS\jre\jre\bin\verify.dll
0x000007fef1930000 - 0x000007fef1959000 	E:\Android\AS\jre\jre\bin\java.dll
0x000007fef1910000 - 0x000007fef1926000 	E:\Android\AS\jre\jre\bin\zip.dll

VM Arguments:
jvm_args: -Djava.awt.headless=true -Xmx1024M -Dfile.encoding=GBK -Duser.country=CN -Duser.language=zh -Duser.variant 
java_command: com.android.dx.command.Main --dex --num-threads=4 --output C:\Users\Administrator\Desktop\SoundRecorder\app\build\intermediates\pre-dexed\debug\classes_a4062c0075065f88a6d8dd76e6431d1ef024898d.jar C:\Users\Administrator\.android\build-cache\a8895958c04689af6c8de7ec154ef0f4fb7382bb\output\jars\classes.jar
java_class_path (initial): C:\Users\Administrator\AppData\Local\Android\Sdk\build-tools\25.0.0\lib\dx.jar
Launcher Type: SUN_STANDARD

Environment Variables:
JAVA_HOME=E:\Android\JDK\Java\jdk1.8.0_144
CLASSPATH=.;E:\Android\JDK\Java\jdk1.8.0_144\lib;E:\Android\JDK\Java\jdk1.8.0_144\lib\dt.jar;E:\Android\JDK\Java\jdk1.8.0_144\lib\tools.jar;
PATH=C:\ProgramData\Oracle\Java\javapath;C:\Windows\system32;C:\Windows;C:\Windows\System32\Wbem;C:\Windows\System32\WindowsPowerShell\v1.0\;E:\Android\JDK\Java\jdk1.8.0_144\bin;E:\Android\JDK\Java\jdk1.8.0_144\jre\bin;E:\Android\SDK\platform-tools;E:\Android\SDK\tools;C:\Program Files\TortoiseSVN\bin;E:\Android\SDK\tools\tools;E:\Git\Git\cmd
USERNAME=Administrator
OS=Windows_NT
PROCESSOR_IDENTIFIER=Intel64 Family 6 Model 45 Stepping 6, GenuineIntel



---------------  S Y S T E M  ---------------

OS: Windows 7 , 64 bit Build 7601 (6.1.7601.23677)

CPU:total 16 (8 cores per cpu, 2 threads per core) family 6 model 45 stepping 6, cmov, cx8, fxsr, mmx, sse, sse2, sse3, ssse3, sse4.1, sse4.2, popcnt, avx, aes, clmul, ht, tsc, tscinvbit, tscinv

Memory: 4k page, physical 8318444k(453416k free), swap 11426068k(4240k free)

vm_info: OpenJDK 64-Bit Server VM (25.112-b06) for windows-amd64 JRE (1.8.0_112-release-b06), built on Dec  8 2016 00:54:26 by "builder" with MS VC++ 10.0 (VS2010)

time: Mon Dec 11 15:04:12 2017
elapsed time: 0 seconds (0d 0h 0m 0s)

