#
# There is insufficient memory for the Java Runtime Environment to continue.
# Native memory allocation (malloc) failed to allocate 361776 bytes for Chunk::new
# Possible reasons:
#   The system is out of physical RAM or swap space
#   In 32 bit mode, the process size limit was hit
# Possible solutions:
#   Reduce memory load on the system
#   Increase physical memory or swap space
#   Check if swap backing store is full
#   Use 64 bit Java on a 64 bit OS
#   Decrease Java heap size (-Xmx/-Xms)
#   Decrease number of Java threads
#   Decrease Java thread stack sizes (-Xss)
#   Set larger code cache with -XX:ReservedCodeCacheSize=
# This output file may be truncated or incomplete.
#
#  Out of Memory Error (allocation.cpp:390), pid=4144, tid=0x0000000000000b9c
#
# JRE version: OpenJDK Runtime Environment (8.0_112-b06) (build 1.8.0_112-release-b06)
# Java VM: OpenJDK 64-Bit Server VM (25.112-b06 mixed mode windows-amd64 compressed oops)
# Failed to write core dump. Minidumps are not enabled by default on client versions of Windows
#

---------------  T H R E A D  ---------------

Current thread (0x00000000570c1800):  JavaThread "C2 CompilerThread1" daemon [_thread_in_native, id=2972, stack(0x0000000059700000,0x0000000059800000)]

Stack: [0x0000000059700000,0x0000000059800000]
[error occurred during error reporting (printing stack bounds), id 0xc0000005]

Native frames: (J=compiled Java code, j=interpreted, Vv=VM code, C=native code)


Current CompileTask:
C2:    860 1603       4       com.android.dx.ssa.SCCP::simulateStmt (481 bytes)


---------------  P R O C E S S  ---------------

Java Threads: ( => current thread )
  0x000000005a96f000 JavaThread "pool-2-thread-4" [_thread_blocked, id=4772, stack(0x000000005b530000,0x000000005b630000)]
  0x000000005a972000 JavaThread "pool-2-thread-3" [_thread_blocked, id=2564, stack(0x000000005b280000,0x000000005b380000)]
  0x000000005a96b000 JavaThread "pool-2-thread-2" [_thread_blocked, id=7888, stack(0x000000005b170000,0x000000005b270000)]
  0x000000005a945000 JavaThread "pool-3-thread-1" [_thread_blocked, id=6744, stack(0x000000005a460000,0x000000005a560000)]
  0x000000005a93f800 JavaThread "pool-2-thread-1" [_thread_in_Java, id=4732, stack(0x000000005b060000,0x000000005b160000)]
  0x0000000057185800 JavaThread "Service Thread" daemon [_thread_blocked, id=8076, stack(0x000000005a5a0000,0x000000005a6a0000)]
  0x000000005716f800 JavaThread "C1 CompilerThread11" daemon [_thread_blocked, id=4304, stack(0x000000005a340000,0x000000005a440000)]
  0x000000005715c800 JavaThread "C1 CompilerThread10" daemon [_thread_blocked, id=7160, stack(0x000000005a1c0000,0x000000005a2c0000)]
  0x0000000057153800 JavaThread "C1 CompilerThread9" daemon [_thread_blocked, id=3544, stack(0x000000005a0c0000,0x000000005a1c0000)]
  0x000000005714a800 JavaThread "C1 CompilerThread8" daemon [_thread_blocked, id=6848, stack(0x0000000059f90000,0x000000005a090000)]
  0x0000000057142000 JavaThread "C2 CompilerThread7" daemon [_thread_in_native, id=4504, stack(0x0000000059e60000,0x0000000059f60000)]
  0x0000000057131000 JavaThread "C2 CompilerThread6" daemon [_thread_in_native, id=6408, stack(0x0000000059cf0000,0x0000000059df0000)]
  0x000000005711b000 JavaThread "C2 CompilerThread5" daemon [_thread_in_native, id=6948, stack(0x0000000059b80000,0x0000000059c80000)]
  0x00000000570ec000 JavaThread "C2 CompilerThread4" daemon [_thread_in_native, id=7804, stack(0x00000000595b0000,0x00000000596b0000)]
  0x00000000570db800 JavaThread "C2 CompilerThread3" daemon [_thread_in_native, id=8108, stack(0x00000000599f0000,0x0000000059af0000)]
  0x00000000570c2000 JavaThread "C2 CompilerThread2" daemon [_thread_in_native, id=3940, stack(0x00000000598f0000,0x00000000599f0000)]
=>0x00000000570c1800 JavaThread "C2 CompilerThread1" daemon [_thread_in_native, id=2972, stack(0x0000000059700000,0x0000000059800000)]
  0x0000000057087800 JavaThread "C2 CompilerThread0" daemon [_thread_in_native, id=4028, stack(0x0000000059420000,0x0000000059520000)]
  0x0000000057086800 JavaThread "Attach Listener" daemon [_thread_blocked, id=5272, stack(0x0000000059230000,0x0000000059330000)]
  0x00000000570af000 JavaThread "Signal Dispatcher" daemon [_thread_blocked, id=7752, stack(0x0000000058c50000,0x0000000058d50000)]
  0x0000000055dc5800 JavaThread "Finalizer" daemon [_thread_blocked, id=5436, stack(0x0000000059090000,0x0000000059190000)]
  0x000000005703b800 JavaThread "Reference Handler" daemon [_thread_blocked, id=7316, stack(0x0000000058f30000,0x0000000059030000)]
  0x000000000244e800 JavaThread "main" [_thread_in_Java, id=7852, stack(0x0000000002450000,0x0000000002550000)]

Other Threads:
  0x0000000057031000 VMThread [stack: 0x0000000058da0000,0x0000000058ea0000] [id=4872]
  0x0000000057187800 WatcherThread [stack: 0x000000005a730000,0x000000005a830000] [id=6420]

VM state:not at safepoint (normal execution)

VM Mutex/Monitor currently owned by a thread: None

Heap:
 PSYoungGen      total 38400K, used 17518K [0x00000000eab00000, 0x00000000ed580000, 0x0000000100000000)
  eden space 33280K, 37% used [0x00000000eab00000,0x00000000eb7229a0,0x00000000ecb80000)
  from space 5120K, 99% used [0x00000000ed080000,0x00000000ed579168,0x00000000ed580000)
  to   space 5120K, 0% used [0x00000000ecb80000,0x00000000ecb80000,0x00000000ed080000)
 ParOldGen       total 87552K, used 6051K [0x00000000c0000000, 0x00000000c5580000, 0x00000000eab00000)
  object space 87552K, 6% used [0x00000000c0000000,0x00000000c05e8cc0,0x00000000c5580000)
 Metaspace       used 6268K, capacity 7090K, committed 7296K, reserved 1056768K
  class space    used 595K, capacity 618K, committed 640K, reserved 1048576K

Card table byte_map: [0x0000000011a30000,0x0000000011c40000] byte_map_base: 0x0000000011430000

Marking Bits: (ParMarkBitMap*) 0x000000006c5b18f0
 Begin Bits: [0x00000000131d0000, 0x00000000141d0000)
 End Bits:   [0x00000000141d0000, 0x00000000151d0000)

Polling page: 0x0000000000440000

CodeCache: size=245760Kb used=8361Kb max_used=8361Kb free=237398Kb
 bounds [0x0000000002670000, 0x0000000002eb0000, 0x0000000011670000]
 total_blobs=1891 nmethods=1618 adapters=184
 compilation: enabled

Compilation events (10 events):
Event: 0.825 Thread 0x000000005715c800 nmethod 1652 0x0000000002e9d590 code [0x0000000002e9d720, 0x0000000002e9db28]
Event: 0.825 Thread 0x000000005716f800 1653       3       com.android.dx.dex.code.DalvCode::<init> (68 bytes)
Event: 0.826 Thread 0x000000005716f800 nmethod 1653 0x0000000002e9dc50 code [0x0000000002e9dde0, 0x0000000002e9e1f8]
Event: 0.827 Thread 0x0000000057153800 nmethod 1649 0x0000000002e9e390 code [0x0000000002e9e620, 0x0000000002e9f998]
Event: 0.836 Thread 0x000000005714a800 1656       3       java.lang.String::<init> (15 bytes)
Event: 0.837 Thread 0x000000005714a800 nmethod 1656 0x0000000002ea06d0 code [0x0000000002ea0860, 0x0000000002ea0c48]
Event: 0.845 Thread 0x0000000057153800 1661       3       com.android.dx.cf.code.LocalVariableList::itemToLocal (47 bytes)
Event: 0.846 Thread 0x0000000057153800 nmethod 1661 0x0000000002ea0e10 code [0x0000000002ea0fc0, 0x0000000002ea1538]
Event: 0.857 Thread 0x000000005716f800 1663       3       com.android.dx.ssa.SsaInsn::setResult (20 bytes)
Event: 0.857 Thread 0x000000005716f800 nmethod 1663 0x0000000002ea1710 code [0x0000000002ea1880, 0x0000000002ea1ae8]

GC Heap History (4 events):
Event: 0.536 GC heap before
{Heap before GC invocations=1 (full 0):
 PSYoungGen      total 38400K, used 33280K [0x00000000eab00000, 0x00000000ed580000, 0x0000000100000000)
  eden space 33280K, 100% used [0x00000000eab00000,0x00000000ecb80000,0x00000000ecb80000)
  from space 5120K, 0% used [0x00000000ed080000,0x00000000ed080000,0x00000000ed580000)
  to   space 5120K, 0% used [0x00000000ecb80000,0x00000000ecb80000,0x00000000ed080000)
 ParOldGen       total 87552K, used 0K [0x00000000c0000000, 0x00000000c5580000, 0x00000000eab00000)
  object space 87552K, 0% used [0x00000000c0000000,0x00000000c0000000,0x00000000c5580000)
 Metaspace       used 5946K, capacity 6896K, committed 7040K, reserved 1056768K
  class space    used 571K, capacity 616K, committed 640K, reserved 1048576K
Event: 0.563 GC heap after
Heap after GC invocations=1 (full 0):
 PSYoungGen      total 38400K, used 5104K [0x00000000eab00000, 0x00000000ed580000, 0x0000000100000000)
  eden space 33280K, 0% used [0x00000000eab00000,0x00000000eab00000,0x00000000ecb80000)
  from space 5120K, 99% used [0x00000000ecb80000,0x00000000ed07c0a8,0x00000000ed080000)
  to   space 5120K, 0% used [0x00000000ed080000,0x00000000ed080000,0x00000000ed580000)
 ParOldGen       total 87552K, used 1266K [0x00000000c0000000, 0x00000000c5580000, 0x00000000eab00000)
  object space 87552K, 1% used [0x00000000c0000000,0x00000000c013c858,0x00000000c5580000)
 Metaspace       used 5946K, capacity 6896K, committed 7040K, reserved 1056768K
  class space    used 571K, capacity 616K, committed 640K, reserved 1048576K
}
Event: 0.769 GC heap before
{Heap before GC invocations=2 (full 0):
 PSYoungGen      total 38400K, used 38384K [0x00000000eab00000, 0x00000000ed580000, 0x0000000100000000)
  eden space 33280K, 100% used [0x00000000eab00000,0x00000000ecb80000,0x00000000ecb80000)
  from space 5120K, 99% used [0x00000000ecb80000,0x00000000ed07c0a8,0x00000000ed080000)
  to   space 5120K, 0% used [0x00000000ed080000,0x00000000ed080000,0x00000000ed580000)
 ParOldGen       total 87552K, used 1266K [0x00000000c0000000, 0x00000000c5580000, 0x00000000eab00000)
  object space 87552K, 1% used [0x00000000c0000000,0x00000000c013c858,0x00000000c5580000)
 Metaspace       used 6253K, capacity 7090K, committed 7296K, reserved 1056768K
  class space    used 595K, capacity 618K, committed 640K, reserved 1048576K
Event: 0.809 GC heap after
Heap after GC invocations=2 (full 0):
 PSYoungGen      total 38400K, used 5092K [0x00000000eab00000, 0x00000000ed580000, 0x0000000100000000)
  eden space 33280K, 0% used [0x00000000eab00000,0x00000000eab00000,0x00000000ecb80000)
  from space 5120K, 99% used [0x00000000ed080000,0x00000000ed579168,0x00000000ed580000)
  to   space 5120K, 0% used [0x00000000ecb80000,0x00000000ecb80000,0x00000000ed080000)
 ParOldGen       total 87552K, used 6051K [0x00000000c0000000, 0x00000000c5580000, 0x00000000eab00000)
  object space 87552K, 6% used [0x00000000c0000000,0x00000000c05e8cc0,0x00000000c5580000)
 Metaspace       used 6253K, capacity 7090K, committed 7296K, reserved 1056768K
  class space    used 595K, capacity 618K, committed 640K, reserved 1048576K
}

Deoptimization events (10 events):
Event: 0.457 Thread 0x000000005a96b000 Uncommon trap: reason=null_check action=make_not_entrant pc=0x0000000002b1d5e0 method=com.android.dx.rop.type.Type.equals(Ljava/lang/Object;)Z @ 8
Event: 0.621 Thread 0x000000005a972000 Uncommon trap: reason=unstable_if action=reinterpret pc=0x0000000002d1d8bc method=com.android.dx.ssa.SCCP.simulateStmt(Lcom/android/dx/ssa/SsaInsn;)V @ 59
Event: 0.657 Thread 0x000000005a96f000 Uncommon trap: reason=null_check action=make_not_entrant pc=0x0000000002c62990 method=com.android.dx.ssa.SsaRenamer.getLocalForNewReg(I)Lcom/android/dx/rop/code/LocalItem; @ 19
Event: 0.700 Thread 0x000000005a93f800 Uncommon trap: reason=unstable_if action=reinterpret pc=0x0000000002bf9534 method=com.android.dx.cf.code.Ropper.labelToResultIndex(I)I @ 34
Event: 0.702 Thread 0x000000005a93f800 Uncommon trap: reason=unstable_if action=reinterpret pc=0x0000000002d06cf8 method=com.android.dx.util.LabeledList.set(ILcom/android/dx/util/LabeledItem;)V @ 16
Event: 0.702 Thread 0x000000005a93f800 Uncommon trap: reason=unstable_if action=reinterpret pc=0x0000000002cab260 method=com.android.dx.util.LabeledList.set(ILcom/android/dx/util/LabeledItem;)V @ 16
Event: 0.708 Thread 0x000000005a972000 Uncommon trap: reason=unstable_if action=reinterpret pc=0x0000000002baba14 method=java.util.HashMap.putVal(ILjava/lang/Object;Ljava/lang/Object;ZZ)Ljava/lang/Object; @ 162
Event: 0.713 Thread 0x000000005a972000 Uncommon trap: reason=unstable_if action=reinterpret pc=0x0000000002abf87c method=java.util.HashMap.getNode(ILjava/lang/Object;)Ljava/util/HashMap$Node; @ 84
Event: 0.749 Thread 0x000000005a96f000 Uncommon trap: reason=unstable_if action=reinterpret pc=0x0000000002a8cdc0 method=java.util.HashMap.getNode(ILjava/lang/Object;)Ljava/util/HashMap$Node; @ 84
Event: 0.749 Thread 0x000000005a96f000 Uncommon trap: reason=unstable_if action=reinterpret pc=0x0000000002c4004c method=java.util.HashMap.putVal(ILjava/lang/Object;Ljava/lang/Object;ZZ)Ljava/lang/Object; @ 109

Internal exceptions (7 events):
Event: 0.038 Thread 0x000000000244e800 Exception <a 'java/lang/NoSuchMethodError': Method sun.misc.Unsafe.defineClass(Ljava/lang/String;[BII)Ljava/lang/Class; name or signature does not match> (0x00000000eab07c78) thrown at [C:\src\android\AOSP-openjdk\external\jetbrains\jdk\hotspot\src\share\v®®êwÎM£?
Event: 0.038 Thread 0x000000000244e800 Exception <a 'java/lang/NoSuchMethodError': Method sun.misc.Unsafe.prefetchRead(Ljava/lang/Object;J)V name or signature does not match> (0x00000000eab07f60) thrown at [C:\src\android\AOSP-openjdk\external\jetbrains\jdk\hotspot\src\share\vm\prims\jni.cpp, lqÀêBÝ?
Event: 0.457 Thread 0x000000005a96b000 Implicit null exception at 0x0000000002b1d4d2 to 0x0000000002b1d5d1
Event: 0.657 Thread 0x000000005a96f000 Implicit null exception at 0x0000000002c5f750 to 0x0000000002c6294d
Event: 0.710 Thread 0x000000005a972000 Exception <a 'java/lang/ArrayIndexOutOfBoundsException': 18> (0x00000000ebfbb9c0) thrown at [C:\src\android\AOSP-openjdk\external\jetbrains\jdk\hotspot\src\share\vm\interpreter\interpreterRuntime.cpp, line 366]
Event: 0.711 Thread 0x000000005a972000 Exception <a 'java/lang/ArrayIndexOutOfBoundsException': 145> (0x00000000ebfbd540) thrown at [C:\src\android\AOSP-openjdk\external\jetbrains\jdk\hotspot\src\share\vm\interpreter\interpreterRuntime.cpp, line 366]
Event: 0.713 Thread 0x000000005a972000 Exception <a 'java/lang/ArrayIndexOutOfBoundsException'> (0x00000000ebfbe828) thrown at [C:\src\android\AOSP-openjdk\external\jetbrains\jdk\hotspot\src\share\vm\runtime\sharedRuntime.cpp, line 605]

Events (10 events):
Event: 0.723 loading class com/android/dx/cf/attrib/AttRuntimeInvisibleAnnotations
Event: 0.723 loading class com/android/dx/cf/attrib/AttRuntimeInvisibleAnnotations done
Event: 0.749 Thread 0x000000005a96f000 Uncommon trap: trap_request=0xffffff65 fr.pc=0x0000000002a8cdc0
Event: 0.749 Thread 0x000000005a96f000 DEOPT PACKING pc=0x0000000002a8cdc0 sp=0x000000005b62df70
Event: 0.749 Thread 0x000000005a96f000 DEOPT UNPACKING pc=0x00000000026b556a sp=0x000000005b62dee8 mode 2
Event: 0.749 Thread 0x000000005a96f000 Uncommon trap: trap_request=0xffffff65 fr.pc=0x0000000002c4004c
Event: 0.749 Thread 0x000000005a96f000 DEOPT PACKING pc=0x0000000002c4004c sp=0x000000005b62df30
Event: 0.749 Thread 0x000000005a96f000 DEOPT UNPACKING pc=0x00000000026b556a sp=0x000000005b62dec0 mode 2
Event: 0.768 Executing VM operation: ParallelGCFailedAllocation
Event: 0.809 Executing VM operation: ParallelGCFailedAllocation done


Dynamic libraries:
0x000000013fbc0000 - 0x000000013fbf1000 	E:\Android\AS\jre\bin\java.exe
0x0000000077400000 - 0x00000000775aa000 	C:\Windows\SYSTEM32\ntdll.dll
0x00000000772e0000 - 0x00000000773ff000 	C:\Windows\system32\kernel32.dll
0x000007fefd240000 - 0x000007fefd2aa000 	C:\Windows\system32\KERNELBASE.dll
0x000007fefe430000 - 0x000007fefe50b000 	C:\Windows\system32\ADVAPI32.dll
0x000007fefdfe0000 - 0x000007fefe07f000 	C:\Windows\system32\msvcrt.dll
0x000007fefd4a0000 - 0x000007fefd4bf000 	C:\Windows\SYSTEM32\sechost.dll
0x000007feff5e0000 - 0x000007feff70d000 	C:\Windows\system32\RPCRT4.dll
0x00000000771e0000 - 0x00000000772da000 	C:\Windows\system32\USER32.dll
0x000007fefdac0000 - 0x000007fefdb27000 	C:\Windows\system32\GDI32.dll
0x000007fefe080000 - 0x000007fefe08e000 	C:\Windows\system32\LPK.dll
0x000007fefdd40000 - 0x000007fefde0a000 	C:\Windows\system32\USP10.dll
0x000007fefbc60000 - 0x000007fefbe54000 	C:\Windows\WinSxS\amd64_microsoft.windows.common-controls_6595b64144ccf1df_6.0.7601.18837_none_fa3b1e3d17594757\COMCTL32.dll
0x000007fefde10000 - 0x000007fefde81000 	C:\Windows\system32\SHLWAPI.dll
0x000007fefe320000 - 0x000007fefe34e000 	C:\Windows\system32\IMM32.DLL
0x000007feff340000 - 0x000007feff449000 	C:\Windows\system32\MSCTF.dll
0x000000006a920000 - 0x000000006a9f2000 	E:\Android\AS\jre\jre\bin\msvcr100.dll
0x000000006bdf0000 - 0x000000006c62c000 	E:\Android\AS\jre\jre\bin\server\jvm.dll
0x000007fefb310000 - 0x000007fefb319000 	C:\Windows\system32\WSOCK32.dll
0x000007fefdef0000 - 0x000007fefdf3d000 	C:\Windows\system32\WS2_32.dll
0x000007fefe090000 - 0x000007fefe098000 	C:\Windows\system32\NSI.dll
0x000007fef8a10000 - 0x000007fef8a4b000 	C:\Windows\system32\WINMM.dll
0x000007fefc1d0000 - 0x000007fefc1dc000 	C:\Windows\system32\VERSION.dll
0x00000000775d0000 - 0x00000000775d7000 	C:\Windows\system32\PSAPI.DLL
0x000007fef63d0000 - 0x000007fef63df000 	E:\Android\AS\jre\jre\bin\verify.dll
0x000007fef1930000 - 0x000007fef1959000 	E:\Android\AS\jre\jre\bin\java.dll
0x000007fef1910000 - 0x000007fef1926000 	E:\Android\AS\jre\jre\bin\zip.dll
0x000007fefe5b0000 - 0x000007feff339000 	C:\Windows\system32\SHELL32.dll
0x000007fefdb30000 - 0x000007fefdd33000 	C:\Windows\system32\ole32.dll
0x000007fefd0f0000 - 0x000007fefd0ff000 	C:\Windows\system32\profapi.dll

VM Arguments:
jvm_args: -Djava.awt.headless=true -Xmx1024M -Dfile.encoding=GBK -Duser.country=CN -Duser.language=zh -Duser.variant 
java_command: com.android.dx.command.Main --dex --force-jumbo --num-threads=4 --multi-dex --output C:\Users\Administrator\Desktop\SoundRecorder\app\build\intermediates\transforms\dex\debug\folders\1000\10\classes_a4062c0075065f88a6d8dd76e6431d1ef024898d C:\Users\Administrator\.android\build-cache\a8895958c04689af6c8de7ec154ef0f4fb7382bb\output\jars\classes.jar
java_class_path (initial): C:\Users\Administrator\AppData\Local\Android\Sdk\build-tools\25.0.0\lib\dx.jar
Launcher Type: SUN_STANDARD

Environment Variables:
JAVA_HOME=E:\Android\JDK\Java\jdk1.8.0_144
CLASSPATH=.;E:\Android\JDK\Java\jdk1.8.0_144\lib;E:\Android\JDK\Java\jdk1.8.0_144\lib\dt.jar;E:\Android\JDK\Java\jdk1.8.0_144\lib\tools.jar;
PATH=C:\ProgramData\Oracle\Java\javapath;C:\Windows\system32;C:\Windows;C:\Windows\System32\Wbem;C:\Windows\System32\WindowsPowerShell\v1.0\;E:\Android\JDK\Java\jdk1.8.0_144\bin;E:\Android\JDK\Java\jdk1.8.0_144\jre\bin;E:\Android\SDK\platform-tools;E:\Android\SDK\tools;C:\Program Files\TortoiseSVN\bin;E:\Android\SDK\tools\tools;E:\Git\Git\cmd
USERNAME=Administrator
OS=Windows_NT
PROCESSOR_IDENTIFIER=Intel64 Family 6 Model 45 Stepping 6, GenuineIntel



---------------  S Y S T E M  ---------------

OS: Windows 7 , 64 bit Build 7601 (6.1.7601.23677)

CPU:total 16 (8 cores per cpu, 2 threads per core) family 6 model 45 stepping 6, cmov, cx8, fxsr, mmx, sse, sse2, sse3, ssse3, sse4.1, sse4.2, popcnt, avx, aes, clmul, ht, tsc, tscinvbit, tscinv

Memory: 4k page, physical 8318444k(333916k free), swap 11426068k(5116k free)

vm_info: OpenJDK 64-Bit Server VM (25.112-b06) for windows-amd64 JRE (1.8.0_112-release-b06), built on Dec  8 2016 00:54:26 by "builder" with MS VC++ 10.0 (VS2010)

time: Mon Dec 11 15:03:45 2017
elapsed time: 0 seconds (0d 0h 0m 0s)

