#
# There is insufficient memory for the Java Runtime Environment to continue.
# Native memory allocation (malloc) failed to allocate 32784 bytes for Chunk::new
# Possible reasons:
#   The system is out of physical RAM or swap space
#   In 32 bit mode, the process size limit was hit
# Possible solutions:
#   Reduce memory load on the system
#   Increase physical memory or swap space
#   Check if swap backing store is full
#   Use 64 bit Java on a 64 bit OS
#   Decrease Java heap size (-Xmx/-Xms)
#   Decrease number of Java threads
#   Decrease Java thread stack sizes (-Xss)
#   Set larger code cache with -XX:ReservedCodeCacheSize=
# This output file may be truncated or incomplete.
#
#  Out of Memory Error (allocation.cpp:390), pid=7876, tid=0x0000000000001654
#
# JRE version: OpenJDK Runtime Environment (8.0_112-b06) (build 1.8.0_112-release-b06)
# Java VM: OpenJDK 64-Bit Server VM (25.112-b06 mixed mode windows-amd64 compressed oops)
# Failed to write core dump. Minidumps are not enabled by default on client versions of Windows
#

---------------  T H R E A D  ---------------

Current thread (0x0000000057287800):  JavaThread "C2 CompilerThread0" daemon [_thread_in_native, id=5716, stack(0x0000000059760000,0x0000000059860000)]

Stack: [0x0000000059760000,0x0000000059860000]
[error occurred during error reporting (printing stack bounds), id 0xc0000005]

Native frames: (J=compiled Java code, j=interpreted, Vv=VM code, C=native code)


Current CompileTask:
C2:    866 1089       4       com.android.dx.dex.code.OutputFinisher::addConstants (93 bytes)


---------------  P R O C E S S  ---------------

Java Threads: ( => current thread )
  0x000000005732e800 JavaThread "pool-1-thread-1" [_thread_in_Java, id=7048, stack(0x000000005b2e0000,0x000000005b3e0000)]
  0x00000000573a1800 JavaThread "Service Thread" daemon [_thread_blocked, id=7556, stack(0x000000005a7c0000,0x000000005a8c0000)]
  0x000000005732d000 JavaThread "C1 CompilerThread11" daemon [_thread_blocked, id=3776, stack(0x000000005a660000,0x000000005a760000)]
  0x000000005732c000 JavaThread "C1 CompilerThread10" daemon [_thread_blocked, id=4348, stack(0x000000005a430000,0x000000005a530000)]
  0x000000005732b800 JavaThread "C1 CompilerThread9" daemon [_thread_blocked, id=4112, stack(0x0000000059ab0000,0x0000000059bb0000)]
  0x000000005732a800 JavaThread "C1 CompilerThread8" daemon [_thread_blocked, id=6864, stack(0x000000005a260000,0x000000005a360000)]
  0x000000005732a000 JavaThread "C2 CompilerThread7" daemon [_thread_blocked, id=4192, stack(0x000000005a0c0000,0x000000005a1c0000)]
  0x0000000057329000 JavaThread "C2 CompilerThread6" daemon [_thread_blocked, id=7088, stack(0x0000000059d30000,0x0000000059e30000)]
  0x0000000057313000 JavaThread "C2 CompilerThread5" daemon [_thread_blocked, id=7600, stack(0x0000000059e30000,0x0000000059f30000)]
  0x00000000572ec000 JavaThread "C2 CompilerThread4" daemon [_thread_blocked, id=4696, stack(0x0000000059bb0000,0x0000000059cb0000)]
  0x00000000572c3800 JavaThread "C2 CompilerThread3" daemon [_thread_blocked, id=7956, stack(0x00000000594a0000,0x00000000595a0000)]
  0x00000000572c2000 JavaThread "C2 CompilerThread2" daemon [_thread_blocked, id=1056, stack(0x00000000599a0000,0x0000000059aa0000)]
  0x00000000572c1800 JavaThread "C2 CompilerThread1" daemon [_thread_blocked, id=5524, stack(0x0000000059860000,0x0000000059960000)]
=>0x0000000057287800 JavaThread "C2 CompilerThread0" daemon [_thread_in_native, id=5716, stack(0x0000000059760000,0x0000000059860000)]
  0x0000000057286800 JavaThread "Attach Listener" daemon [_thread_blocked, id=1596, stack(0x00000000595d0000,0x00000000596d0000)]
  0x00000000572af000 JavaThread "Signal Dispatcher" daemon [_thread_blocked, id=5060, stack(0x0000000059310000,0x0000000059410000)]
  0x0000000055da5800 JavaThread "Finalizer" daemon [_thread_blocked, id=6496, stack(0x00000000591a0000,0x00000000592a0000)]
  0x000000005723b800 JavaThread "Reference Handler" daemon [_thread_blocked, id=7512, stack(0x0000000058e60000,0x0000000058f60000)]
  0x00000000001be800 JavaThread "main" [_thread_blocked, id=5648, stack(0x0000000002720000,0x0000000002820000)]

Other Threads:
  0x0000000057231000 VMThread [stack: 0x0000000058fb0000,0x00000000590b0000] [id=7780]
  0x0000000057387800 WatcherThread [stack: 0x000000005a970000,0x000000005aa70000] [id=2060]

VM state:not at safepoint (normal execution)

VM Mutex/Monitor currently owned by a thread: None

Heap:
 PSYoungGen      total 38400K, used 22234K [0x00000000eab00000, 0x00000000ed580000, 0x0000000100000000)
  eden space 33280K, 66% used [0x00000000eab00000,0x00000000ec0b6828,0x00000000ecb80000)
  from space 5120K, 0% used [0x00000000ed080000,0x00000000ed080000,0x00000000ed580000)
  to   space 5120K, 0% used [0x00000000ecb80000,0x00000000ecb80000,0x00000000ed080000)
 ParOldGen       total 87552K, used 0K [0x00000000c0000000, 0x00000000c5580000, 0x00000000eab00000)
  object space 87552K, 0% used [0x00000000c0000000,0x00000000c0000000,0x00000000c5580000)
 Metaspace       used 6000K, capacity 6896K, committed 7040K, reserved 1056768K
  class space    used 590K, capacity 616K, committed 640K, reserved 1048576K

Card table byte_map: [0x0000000011be0000,0x0000000011df0000] byte_map_base: 0x00000000115e0000

Marking Bits: (ParMarkBitMap*) 0x000000006c5b18f0
 Begin Bits: [0x00000000131b0000, 0x00000000141b0000)
 End Bits:   [0x00000000141b0000, 0x00000000151b0000)

Polling page: 0x0000000000140000

CodeCache: size=245760Kb used=6160Kb max_used=6171Kb free=239599Kb
 bounds [0x0000000002820000, 0x0000000002e30000, 0x0000000011820000]
 total_blobs=1440 nmethods=1164 adapters=187
 compilation: enabled

Compilation events (10 events):
Event: 0.804 Thread 0x00000000572c3800 nmethod 1161 0x0000000002e22390 code [0x0000000002e224e0, 0x0000000002e225b8]
Event: 0.804 Thread 0x000000005732d000 1162       3       com.android.dx.dex.code.StdCatchBuilder::handlersFor (216 bytes)
Event: 0.804 Thread 0x00000000572c1800 1163       4       com.android.dx.rop.type.Type::compareTo (9 bytes)
Event: 0.806 Thread 0x00000000572c1800 nmethod 1163 0x0000000002e21f90 code [0x0000000002e220e0, 0x0000000002e22258]
Event: 0.807 Thread 0x000000005732d000 nmethod 1162 0x0000000002e26ed0 code [0x0000000002e27240, 0x0000000002e29358]
Event: 0.812 Thread 0x00000000572ec000 nmethod 1150 0x0000000002e21310 code [0x0000000002e21480, 0x0000000002e21ad8]
Event: 0.821 Thread 0x0000000057313000 1165       4       com.android.dx.dex.code.DalvInsn::setAddress (20 bytes)
Event: 0.822 Thread 0x000000005732a800 1164       3       com.android.dx.dex.code.InsnFormat::unsignedFitsInByte (15 bytes)
Event: 0.822 Thread 0x000000005732a800 nmethod 1164 0x0000000002e23850 code [0x0000000002e239a0, 0x0000000002e23b30]
Event: 0.832 Thread 0x0000000057313000 nmethod 1165 0x0000000002e24010 code [0x0000000002e24140, 0x0000000002e241b8]

GC Heap History (0 events):
No events

Deoptimization events (7 events):
Event: 0.182 Thread 0x00000000001be800 Uncommon trap: reason=unstable_if action=reinterpret pc=0x0000000002b09904 method=java.lang.String.indexOf(II)I @ 49
Event: 0.380 Thread 0x000000005ab74000 Uncommon trap: reason=unstable_if action=reinterpret pc=0x0000000002bf70cc method=java.util.HashMap.getNode(ILjava/lang/Object;)Ljava/util/HashMap$Node; @ 129
Event: 0.524 Thread 0x000000005ab74000 Uncommon trap: reason=class_check action=maybe_recompile pc=0x0000000002c8ede0 method=com.android.dx.ssa.NormalSsaInsn.accept(Lcom/android/dx/ssa/SsaInsn$Visitor;)V @ 9
Event: 0.524 Thread 0x000000005ab74000 Uncommon trap: reason=class_check action=maybe_recompile pc=0x0000000002c8ede0 method=com.android.dx.ssa.NormalSsaInsn.accept(Lcom/android/dx/ssa/SsaInsn$Visitor;)V @ 9
Event: 0.524 Thread 0x000000005ab74000 Uncommon trap: reason=class_check action=maybe_recompile pc=0x0000000002c8ede0 method=com.android.dx.ssa.NormalSsaInsn.accept(Lcom/android/dx/ssa/SsaInsn$Visitor;)V @ 9
Event: 0.525 Thread 0x000000005ab74000 Uncommon trap: reason=class_check action=maybe_recompile pc=0x0000000002c8ede0 method=com.android.dx.ssa.NormalSsaInsn.accept(Lcom/android/dx/ssa/SsaInsn$Visitor;)V @ 9
Event: 0.554 Thread 0x000000005ab74000 Uncommon trap: reason=class_check action=maybe_recompile pc=0x0000000002dbcf24 method=com.android.dx.ssa.NormalSsaInsn.accept(Lcom/android/dx/ssa/SsaInsn$Visitor;)V @ 9

Internal exceptions (2 events):
Event: 0.038 Thread 0x00000000001be800 Exception <a 'java/lang/NoSuchMethodError': Method sun.misc.Unsafe.defineClass(Ljava/lang/String;[BII)Ljava/lang/Class; name or signature does not match> (0x00000000eab07c78) thrown at [C:\src\android\AOSP-openjdk\external\jetbrains\jdk\hotspot\src\share\vùj:ûÄ£?
Event: 0.038 Thread 0x00000000001be800 Exception <a 'java/lang/NoSuchMethodError': Method sun.misc.Unsafe.prefetchRead(Ljava/lang/Object;J)V name or signature does not match> (0x00000000eab07f60) thrown at [C:\src\android\AOSP-openjdk\external\jetbrains\jdk\hotspot\src\share\vm\prims\jni.cpp, l

Events (10 events):
Event: 0.788 loading class com/android/dx/dex/code/LocalList$MakeState
Event: 0.788 loading class com/android/dx/dex/code/LocalList$MakeState done
Event: 0.788 loading class com/android/dx/dex/code/LocalList$Disposition
Event: 0.788 loading class com/android/dx/dex/code/LocalList$Disposition done
Event: 0.789 loading class com/android/dx/dex/code/LocalList$Entry
Event: 0.789 loading class com/android/dx/dex/code/LocalList$Entry done
Event: 0.790 loading class com/android/dx/dex/code/CatchHandlerList
Event: 0.790 loading class com/android/dx/dex/code/CatchHandlerList done
Event: 0.790 loading class com/android/dx/dex/code/CatchTable
Event: 0.790 loading class com/android/dx/dex/code/CatchTable done


Dynamic libraries:
0x000000013fbc0000 - 0x000000013fbf1000 	E:\Android\AS\jre\bin\java.exe
0x0000000077400000 - 0x00000000775aa000 	C:\Windows\SYSTEM32\ntdll.dll
0x00000000772e0000 - 0x00000000773ff000 	C:\Windows\system32\kernel32.dll
0x000007fefd240000 - 0x000007fefd2aa000 	C:\Windows\system32\KERNELBASE.dll
0x000007fefe430000 - 0x000007fefe50b000 	C:\Windows\system32\ADVAPI32.dll
0x000007fefdfe0000 - 0x000007fefe07f000 	C:\Windows\system32\msvcrt.dll
0x000007fefd4a0000 - 0x000007fefd4bf000 	C:\Windows\SYSTEM32\sechost.dll
0x000007feff5e0000 - 0x000007feff70d000 	C:\Windows\system32\RPCRT4.dll
0x00000000771e0000 - 0x00000000772da000 	C:\Windows\system32\USER32.dll
0x000007fefdac0000 - 0x000007fefdb27000 	C:\Windows\system32\GDI32.dll
0x000007fefe080000 - 0x000007fefe08e000 	C:\Windows\system32\LPK.dll
0x000007fefdd40000 - 0x000007fefde0a000 	C:\Windows\system32\USP10.dll
0x000007fefbc60000 - 0x000007fefbe54000 	C:\Windows\WinSxS\amd64_microsoft.windows.common-controls_6595b64144ccf1df_6.0.7601.18837_none_fa3b1e3d17594757\COMCTL32.dll
0x000007fefde10000 - 0x000007fefde81000 	C:\Windows\system32\SHLWAPI.dll
0x000007fefe320000 - 0x000007fefe34e000 	C:\Windows\system32\IMM32.DLL
0x000007feff340000 - 0x000007feff449000 	C:\Windows\system32\MSCTF.dll
0x000000006a920000 - 0x000000006a9f2000 	E:\Android\AS\jre\jre\bin\msvcr100.dll
0x000000006bdf0000 - 0x000000006c62c000 	E:\Android\AS\jre\jre\bin\server\jvm.dll
0x000007fefb310000 - 0x000007fefb319000 	C:\Windows\system32\WSOCK32.dll
0x000007fefdef0000 - 0x000007fefdf3d000 	C:\Windows\system32\WS2_32.dll
0x000007fefe090000 - 0x000007fefe098000 	C:\Windows\system32\NSI.dll
0x000007fef8a10000 - 0x000007fef8a4b000 	C:\Windows\system32\WINMM.dll
0x000007fefc1d0000 - 0x000007fefc1dc000 	C:\Windows\system32\VERSION.dll
0x00000000775d0000 - 0x00000000775d7000 	C:\Windows\system32\PSAPI.DLL
0x000007fef63d0000 - 0x000007fef63df000 	E:\Android\AS\jre\jre\bin\verify.dll
0x000007fef1930000 - 0x000007fef1959000 	E:\Android\AS\jre\jre\bin\java.dll
0x000007fef1910000 - 0x000007fef1926000 	E:\Android\AS\jre\jre\bin\zip.dll
0x000007fefe5b0000 - 0x000007feff339000 	C:\Windows\system32\SHELL32.dll
0x000007fefdb30000 - 0x000007fefdd33000 	C:\Windows\system32\ole32.dll
0x000007fefd0f0000 - 0x000007fefd0ff000 	C:\Windows\system32\profapi.dll

VM Arguments:
jvm_args: -Djava.awt.headless=true -Xmx1024M -Dfile.encoding=GBK -Duser.country=CN -Duser.language=zh -Duser.variant 
java_command: com.android.dx.command.Main --dex --force-jumbo --num-threads=4 --multi-dex --output C:\Users\Administrator\Desktop\SoundRecorder\app\build\intermediates\transforms\dex\debug\folders\1000\10\classes_14c2d006044e240afdb88131fd134389569d4100 C:\Users\Administrator\.android\build-cache\8e2828e19fcb1650c34161b2a6d51f9e17ad5eda\output\jars\classes.jar
java_class_path (initial): C:\Users\Administrator\AppData\Local\Android\Sdk\build-tools\25.0.0\lib\dx.jar
Launcher Type: SUN_STANDARD

Environment Variables:
JAVA_HOME=E:\Android\JDK\Java\jdk1.8.0_144
CLASSPATH=.;E:\Android\JDK\Java\jdk1.8.0_144\lib;E:\Android\JDK\Java\jdk1.8.0_144\lib\dt.jar;E:\Android\JDK\Java\jdk1.8.0_144\lib\tools.jar;
PATH=C:\ProgramData\Oracle\Java\javapath;C:\Windows\system32;C:\Windows;C:\Windows\System32\Wbem;C:\Windows\System32\WindowsPowerShell\v1.0\;E:\Android\JDK\Java\jdk1.8.0_144\bin;E:\Android\JDK\Java\jdk1.8.0_144\jre\bin;E:\Android\SDK\platform-tools;E:\Android\SDK\tools;C:\Program Files\TortoiseSVN\bin;E:\Android\SDK\tools\tools;E:\Git\Git\cmd
USERNAME=Administrator
OS=Windows_NT
PROCESSOR_IDENTIFIER=Intel64 Family 6 Model 45 Stepping 6, GenuineIntel



---------------  S Y S T E M  ---------------

OS: Windows 7 , 64 bit Build 7601 (6.1.7601.23677)

CPU:total 16 (8 cores per cpu, 2 threads per core) family 6 model 45 stepping 6, cmov, cx8, fxsr, mmx, sse, sse2, sse3, ssse3, sse4.1, sse4.2, popcnt, avx, aes, clmul, ht, tsc, tscinvbit, tscinv

Memory: 4k page, physical 8318444k(333248k free), swap 11426068k(5096k free)

vm_info: OpenJDK 64-Bit Server VM (25.112-b06) for windows-amd64 JRE (1.8.0_112-release-b06), built on Dec  8 2016 00:54:26 by "builder" with MS VC++ 10.0 (VS2010)

time: Mon Dec 11 15:03:45 2017
elapsed time: 0 seconds (0d 0h 0m 0s)

