#
# There is insufficient memory for the Java Runtime Environment to continue.
# Native memory allocation (malloc) failed to allocate 175744 bytes for Chunk::new
# Possible reasons:
#   The system is out of physical RAM or swap space
#   In 32 bit mode, the process size limit was hit
# Possible solutions:
#   Reduce memory load on the system
#   Increase physical memory or swap space
#   Check if swap backing store is full
#   Use 64 bit Java on a 64 bit OS
#   Decrease Java heap size (-Xmx/-Xms)
#   Decrease number of Java threads
#   Decrease Java thread stack sizes (-Xss)
#   Set larger code cache with -XX:ReservedCodeCacheSize=
# This output file may be truncated or incomplete.
#
#  Out of Memory Error (allocation.cpp:390), pid=7088, tid=0x0000000000001e70
#
# JRE version: OpenJDK Runtime Environment (8.0_112-b06) (build 1.8.0_112-release-b06)
# Java VM: OpenJDK 64-Bit Server VM (25.112-b06 mixed mode windows-amd64 compressed oops)
# Failed to write core dump. Minidumps are not enabled by default on client versions of Windows
#

---------------  T H R E A D  ---------------

Current thread (0x00000000572c4800):  JavaThread "C2 CompilerThread5" daemon [_thread_in_native, id=7792, stack(0x0000000059db0000,0x0000000059eb0000)]

Stack: [0x0000000059db0000,0x0000000059eb0000]
[error occurred during error reporting (printing stack bounds), id 0xc0000005]

Native frames: (J=compiled Java code, j=interpreted, Vv=VM code, C=native code)


Current CompileTask:
C2:    571  921       4       com.android.dx.ssa.back.LivenessAnalyzer::handleTailRecursion (94 bytes)


---------------  P R O C E S S  ---------------

Java Threads: ( => current thread )
  0x000000005aa55000 JavaThread "pool-2-thread-1" [_thread_blocked, id=8152, stack(0x000000005a4d0000,0x000000005a5d0000)]
  0x000000005aa52000 JavaThread "pool-1-thread-1" [_thread_in_Java, id=3800, stack(0x000000005b190000,0x000000005b290000)]
  0x000000005734b000 JavaThread "Service Thread" daemon [_thread_blocked, id=7324, stack(0x000000005a860000,0x000000005a960000)]
  0x0000000057331000 JavaThread "C1 CompilerThread11" daemon [_thread_blocked, id=4156, stack(0x000000005a640000,0x000000005a740000)]
  0x0000000057326800 JavaThread "C1 CompilerThread10" daemon [_thread_blocked, id=3864, stack(0x000000005a3c0000,0x000000005a4c0000)]
  0x000000005730d000 JavaThread "C1 CompilerThread9" daemon [_thread_blocked, id=2476, stack(0x0000000059690000,0x0000000059790000)]
  0x000000005730c800 JavaThread "C1 CompilerThread8" daemon [_thread_blocked, id=7076, stack(0x000000005a210000,0x000000005a310000)]
  0x00000000572f3800 JavaThread "C2 CompilerThread7" daemon [_thread_in_native, id=7500, stack(0x000000005a010000,0x000000005a110000)]
  0x00000000572e8800 JavaThread "C2 CompilerThread6" daemon [_thread_blocked, id=7172, stack(0x0000000059ed0000,0x0000000059fd0000)]
=>0x00000000572c4800 JavaThread "C2 CompilerThread5" daemon [_thread_in_native, id=7792, stack(0x0000000059db0000,0x0000000059eb0000)]
  0x00000000572ae000 JavaThread "C2 CompilerThread4" daemon [_thread_in_native, id=3912, stack(0x0000000059bc0000,0x0000000059cc0000)]
  0x0000000057285000 JavaThread "C2 CompilerThread3" daemon [_thread_in_native, id=7860, stack(0x00000000598d0000,0x00000000599d0000)]
  0x0000000057284000 JavaThread "C2 CompilerThread2" daemon [_thread_blocked, id=7148, stack(0x0000000059a20000,0x0000000059b20000)]
  0x0000000057283000 JavaThread "C2 CompilerThread1" daemon [_thread_blocked, id=6684, stack(0x00000000597d0000,0x00000000598d0000)]
  0x000000005724b800 JavaThread "C2 CompilerThread0" daemon [_thread_in_native, id=7376, stack(0x0000000059240000,0x0000000059340000)]
  0x000000005724a800 JavaThread "Attach Listener" daemon [_thread_blocked, id=4868, stack(0x0000000058e10000,0x0000000058f10000)]
  0x0000000057273000 JavaThread "Signal Dispatcher" daemon [_thread_blocked, id=6548, stack(0x0000000059580000,0x0000000059680000)]
  0x0000000055e77800 JavaThread "Finalizer" daemon [_thread_blocked, id=1700, stack(0x0000000059370000,0x0000000059470000)]
  0x00000000571fb800 JavaThread "Reference Handler" daemon [_thread_blocked, id=836, stack(0x00000000590d0000,0x00000000591d0000)]
  0x000000000247e800 JavaThread "main" [_thread_blocked, id=6924, stack(0x00000000024f0000,0x00000000025f0000)]

Other Threads:
  0x00000000571f1000 VMThread [stack: 0x0000000058f20000,0x0000000059020000] [id=3768]
  0x000000005734c800 WatcherThread [stack: 0x0000000059480000,0x0000000059580000] [id=7824]

VM state:not at safepoint (normal execution)

VM Mutex/Monitor currently owned by a thread: None

Heap:
 PSYoungGen      total 38400K, used 14296K [0x00000000eab00000, 0x00000000ed580000, 0x0000000100000000)
  eden space 33280K, 42% used [0x00000000eab00000,0x00000000eb8f6138,0x00000000ecb80000)
  from space 5120K, 0% used [0x00000000ecb80000,0x00000000ecb80000,0x00000000ed080000)
  to   space 5120K, 0% used [0x00000000ed080000,0x00000000ed080000,0x00000000ed580000)
 ParOldGen       total 64512K, used 1443K [0x00000000c0000000, 0x00000000c3f00000, 0x00000000eab00000)
  object space 64512K, 2% used [0x00000000c0000000,0x00000000c0168dd0,0x00000000c3f00000)
 Metaspace       used 5796K, capacity 6768K, committed 7040K, reserved 1058816K
  class space    used 574K, capacity 616K, committed 640K, reserved 1048576K

Card table byte_map: [0x0000000011a80000,0x0000000011c90000] byte_map_base: 0x0000000011480000

Marking Bits: (ParMarkBitMap*) 0x000000006c5b18f0
 Begin Bits: [0x0000000013280000, 0x0000000014280000)
 End Bits:   [0x0000000014280000, 0x0000000015280000)

Polling page: 0x0000000000230000

CodeCache: size=245760Kb used=5651Kb max_used=5662Kb free=240108Kb
 bounds [0x00000000026c0000, 0x0000000002c50000, 0x00000000116c0000]
 total_blobs=1242 nmethods=969 adapters=184
 compilation: enabled

Compilation events (10 events):
Event: 0.565 Thread 0x000000005730c800 nmethod 956 0x0000000002c44450 code [0x0000000002c44660, 0x0000000002c452e8]
Event: 0.565 Thread 0x0000000057326800 nmethod 967 0x0000000002c405d0 code [0x0000000002c40780, 0x0000000002c40ca8]
Event: 0.565 Thread 0x000000005730c800  972       3       com.android.dx.cf.code.BaseMachine::popArgs (72 bytes)
Event: 0.565 Thread 0x000000005730d000 nmethod 970 0x0000000002c45990 code [0x0000000002c45b20, 0x0000000002c460e8]
Event: 0.566 Thread 0x00000000572e8800 nmethod 971 0x0000000002c39cd0 code [0x0000000002c39e00, 0x0000000002c39ed8]
Event: 0.566 Thread 0x00000000572e8800  973       4       com.android.dx.ssa.NormalSsaInsn::hasSideEffect (76 bytes)
Event: 0.566 Thread 0x000000005730c800 nmethod 972 0x0000000002c47910 code [0x0000000002c47b80, 0x0000000002c48928]
Event: 0.569 Thread 0x0000000057283000  974       4       com.android.dx.util.Bits::get (25 bytes)
Event: 0.569 Thread 0x00000000572e8800 nmethod 973 0x0000000002c40090 code [0x0000000002c401e0, 0x0000000002c40338]
Event: 0.569 Thread 0x0000000057283000 nmethod 974 0x0000000002c07010 code [0x0000000002c07140, 0x0000000002c071d8]

GC Heap History (4 events):
Event: 0.190 GC heap before
{Heap before GC invocations=1 (full 0):
 PSYoungGen      total 38400K, used 6000K [0x00000000eab00000, 0x00000000ed580000, 0x0000000100000000)
  eden space 33280K, 18% used [0x00000000eab00000,0x00000000eb0dc2b0,0x00000000ecb80000)
  from space 5120K, 0% used [0x00000000ed080000,0x00000000ed080000,0x00000000ed580000)
  to   space 5120K, 0% used [0x00000000ecb80000,0x00000000ecb80000,0x00000000ed080000)
 ParOldGen       total 87552K, used 0K [0x00000000c0000000, 0x00000000c5580000, 0x00000000eab00000)
  object space 87552K, 0% used [0x00000000c0000000,0x00000000c0000000,0x00000000c5580000)
 Metaspace       used 3839K, capacity 5008K, committed 5120K, reserved 1060864K
  class space    used 414K, capacity 456K, committed 512K, reserved 1048576K
Event: 0.193 GC heap after
Heap after GC invocations=1 (full 0):
 PSYoungGen      total 38400K, used 1822K [0x00000000eab00000, 0x00000000ed580000, 0x0000000100000000)
  eden space 33280K, 0% used [0x00000000eab00000,0x00000000eab00000,0x00000000ecb80000)
  from space 5120K, 35% used [0x00000000ecb80000,0x00000000ecd47a48,0x00000000ed080000)
  to   space 5120K, 0% used [0x00000000ed080000,0x00000000ed080000,0x00000000ed580000)
 ParOldGen       total 87552K, used 8K [0x00000000c0000000, 0x00000000c5580000, 0x00000000eab00000)
  object space 87552K, 0% used [0x00000000c0000000,0x00000000c0002000,0x00000000c5580000)
 Metaspace       used 3839K, capacity 5008K, committed 5120K, reserved 1060864K
  class space    used 414K, capacity 456K, committed 512K, reserved 1048576K
}
Event: 0.193 GC heap before
{Heap before GC invocations=2 (full 1):
 PSYoungGen      total 38400K, used 1822K [0x00000000eab00000, 0x00000000ed580000, 0x0000000100000000)
  eden space 33280K, 0% used [0x00000000eab00000,0x00000000eab00000,0x00000000ecb80000)
  from space 5120K, 35% used [0x00000000ecb80000,0x00000000ecd47a48,0x00000000ed080000)
  to   space 5120K, 0% used [0x00000000ed080000,0x00000000ed080000,0x00000000ed580000)
 ParOldGen       total 87552K, used 8K [0x00000000c0000000, 0x00000000c5580000, 0x00000000eab00000)
  object space 87552K, 0% used [0x00000000c0000000,0x00000000c0002000,0x00000000c5580000)
 Metaspace       used 3839K, capacity 5008K, committed 5120K, reserved 1060864K
  class space    used 414K, capacity 456K, committed 512K, reserved 1048576K
Event: 0.213 GC heap after
Heap after GC invocations=2 (full 1):
 PSYoungGen      total 38400K, used 0K [0x00000000eab00000, 0x00000000ed580000, 0x0000000100000000)
  eden space 33280K, 0% used [0x00000000eab00000,0x00000000eab00000,0x00000000ecb80000)
  from space 5120K, 0% used [0x00000000ecb80000,0x00000000ecb80000,0x00000000ed080000)
  to   space 5120K, 0% used [0x00000000ed080000,0x00000000ed080000,0x00000000ed580000)
 ParOldGen       total 64512K, used 1443K [0x00000000c0000000, 0x00000000c3f00000, 0x00000000eab00000)
  object space 64512K, 2% used [0x00000000c0000000,0x00000000c0168dd0,0x00000000c3f00000)
 Metaspace       used 3839K, capacity 5008K, committed 5120K, reserved 1058816K
  class space    used 414K, capacity 456K, committed 512K, reserved 1048576K
}

Deoptimization events (6 events):
Event: 0.158 Thread 0x000000000247e800 Uncommon trap: reason=unstable_if action=reinterpret pc=0x00000000029a9d84 method=java.lang.String.indexOf(II)I @ 49
Event: 0.502 Thread 0x000000005aa52000 Uncommon trap: reason=unstable_if action=reinterpret pc=0x0000000002af22e4 method=java.util.BitSet.ensureCapacity(I)V @ 6
Event: 0.555 Thread 0x000000005aa52000 Uncommon trap: reason=class_check action=maybe_recompile pc=0x0000000002b17c60 method=com.android.dx.ssa.NormalSsaInsn.accept(Lcom/android/dx/ssa/SsaInsn$Visitor;)V @ 9
Event: 0.555 Thread 0x000000005aa52000 Uncommon trap: reason=class_check action=maybe_recompile pc=0x0000000002b17c60 method=com.android.dx.ssa.NormalSsaInsn.accept(Lcom/android/dx/ssa/SsaInsn$Visitor;)V @ 9
Event: 0.555 Thread 0x000000005aa52000 Uncommon trap: reason=class_check action=maybe_recompile pc=0x0000000002b17c60 method=com.android.dx.ssa.NormalSsaInsn.accept(Lcom/android/dx/ssa/SsaInsn$Visitor;)V @ 9
Event: 0.555 Thread 0x000000005aa52000 Uncommon trap: reason=class_check action=maybe_recompile pc=0x0000000002b17c60 method=com.android.dx.ssa.NormalSsaInsn.accept(Lcom/android/dx/ssa/SsaInsn$Visitor;)V @ 9

Internal exceptions (2 events):
Event: 0.027 Thread 0x000000000247e800 Exception <a 'java/lang/NoSuchMethodError': Method sun.misc.Unsafe.defineClass(Ljava/lang/String;[BII)Ljava/lang/Class; name or signature does not match> (0x00000000eab07c78) thrown at [C:\src\android\AOSP-openjdk\external\jetbrains\jdk\hotspot\src\share\v0&í§xì›?
Event: 0.027 Thread 0x000000000247e800 Exception <a 'java/lang/NoSuchMethodError': Method sun.misc.Unsafe.prefetchRead(Ljava/lang/Object;J)V name or signature does not match> (0x00000000eab07f60) thrown at [C:\src\android\AOSP-openjdk\external\jetbrains\jdk\hotspot\src\share\vm\prims\jni.cpp, l

Events (10 events):
Event: 0.555 Thread 0x000000005aa52000 DEOPT UNPACKING pc=0x000000000270556a sp=0x000000005b28e350 mode 2
Event: 0.555 Thread 0x000000005aa52000 Uncommon trap: trap_request=0xffffffde fr.pc=0x0000000002b17c60
Event: 0.555 Thread 0x000000005aa52000 DEOPT PACKING pc=0x0000000002b17c60 sp=0x000000005b28e3c0
Event: 0.555 Thread 0x000000005aa52000 DEOPT UNPACKING pc=0x000000000270556a sp=0x000000005b28e350 mode 2
Event: 0.555 Thread 0x000000005aa52000 Uncommon trap: trap_request=0xffffffde fr.pc=0x0000000002b17c60
Event: 0.555 Thread 0x000000005aa52000 DEOPT PACKING pc=0x0000000002b17c60 sp=0x000000005b28e3c0
Event: 0.555 Thread 0x000000005aa52000 DEOPT UNPACKING pc=0x000000000270556a sp=0x000000005b28e350 mode 2
Event: 0.555 Thread 0x000000005aa52000 Uncommon trap: trap_request=0xffffffde fr.pc=0x0000000002b17c60
Event: 0.555 Thread 0x000000005aa52000 DEOPT PACKING pc=0x0000000002b17c60 sp=0x000000005b28e6f0
Event: 0.555 Thread 0x000000005aa52000 DEOPT UNPACKING pc=0x000000000270556a sp=0x000000005b28e680 mode 2


Dynamic libraries:
0x000000013fbc0000 - 0x000000013fbf1000 	E:\Android\AS\jre\bin\java.exe
0x0000000077400000 - 0x00000000775aa000 	C:\Windows\SYSTEM32\ntdll.dll
0x00000000772e0000 - 0x00000000773ff000 	C:\Windows\system32\kernel32.dll
0x000007fefd240000 - 0x000007fefd2aa000 	C:\Windows\system32\KERNELBASE.dll
0x000007fefe430000 - 0x000007fefe50b000 	C:\Windows\system32\ADVAPI32.dll
0x000007fefdfe0000 - 0x000007fefe07f000 	C:\Windows\system32\msvcrt.dll
0x000007fefd4a0000 - 0x000007fefd4bf000 	C:\Windows\SYSTEM32\sechost.dll
0x000007feff5e0000 - 0x000007feff70d000 	C:\Windows\system32\RPCRT4.dll
0x00000000771e0000 - 0x00000000772da000 	C:\Windows\system32\USER32.dll
0x000007fefdac0000 - 0x000007fefdb27000 	C:\Windows\system32\GDI32.dll
0x000007fefe080000 - 0x000007fefe08e000 	C:\Windows\system32\LPK.dll
0x000007fefdd40000 - 0x000007fefde0a000 	C:\Windows\system32\USP10.dll
0x000007fefbc60000 - 0x000007fefbe54000 	C:\Windows\WinSxS\amd64_microsoft.windows.common-controls_6595b64144ccf1df_6.0.7601.18837_none_fa3b1e3d17594757\COMCTL32.dll
0x000007fefde10000 - 0x000007fefde81000 	C:\Windows\system32\SHLWAPI.dll
0x000007fefe320000 - 0x000007fefe34e000 	C:\Windows\system32\IMM32.DLL
0x000007feff340000 - 0x000007feff449000 	C:\Windows\system32\MSCTF.dll
0x000000006a920000 - 0x000000006a9f2000 	E:\Android\AS\jre\jre\bin\msvcr100.dll
0x000000006bdf0000 - 0x000000006c62c000 	E:\Android\AS\jre\jre\bin\server\jvm.dll
0x000007fefb310000 - 0x000007fefb319000 	C:\Windows\system32\WSOCK32.dll
0x000007fefdef0000 - 0x000007fefdf3d000 	C:\Windows\system32\WS2_32.dll
0x000007fefe090000 - 0x000007fefe098000 	C:\Windows\system32\NSI.dll
0x000007fef8a10000 - 0x000007fef8a4b000 	C:\Windows\system32\WINMM.dll
0x000007fefc1d0000 - 0x000007fefc1dc000 	C:\Windows\system32\VERSION.dll
0x00000000775d0000 - 0x00000000775d7000 	C:\Windows\system32\PSAPI.DLL
0x000007fef63d0000 - 0x000007fef63df000 	E:\Android\AS\jre\jre\bin\verify.dll
0x000007fef1930000 - 0x000007fef1959000 	E:\Android\AS\jre\jre\bin\java.dll
0x000007fef1910000 - 0x000007fef1926000 	E:\Android\AS\jre\jre\bin\zip.dll
0x000007fefe5b0000 - 0x000007feff339000 	C:\Windows\system32\SHELL32.dll
0x000007fefdb30000 - 0x000007fefdd33000 	C:\Windows\system32\ole32.dll
0x000007fefd0f0000 - 0x000007fefd0ff000 	C:\Windows\system32\profapi.dll

VM Arguments:
jvm_args: -Djava.awt.headless=true -Xmx1024M -Dfile.encoding=GBK -Duser.country=CN -Duser.language=zh -Duser.variant 
java_command: com.android.dx.command.Main --dex --num-threads=4 --output C:\Users\Administrator\Desktop\SoundRecorder\app\build\intermediates\pre-dexed\debug\classes_14c2d006044e240afdb88131fd134389569d4100.jar C:\Users\Administrator\.android\build-cache\8e2828e19fcb1650c34161b2a6d51f9e17ad5eda\output\jars\classes.jar
java_class_path (initial): C:\Users\Administrator\AppData\Local\Android\Sdk\build-tools\25.0.0\lib\dx.jar
Launcher Type: SUN_STANDARD

Environment Variables:
JAVA_HOME=E:\Android\JDK\Java\jdk1.8.0_144
CLASSPATH=.;E:\Android\JDK\Java\jdk1.8.0_144\lib;E:\Android\JDK\Java\jdk1.8.0_144\lib\dt.jar;E:\Android\JDK\Java\jdk1.8.0_144\lib\tools.jar;
PATH=C:\ProgramData\Oracle\Java\javapath;C:\Windows\system32;C:\Windows;C:\Windows\System32\Wbem;C:\Windows\System32\WindowsPowerShell\v1.0\;E:\Android\JDK\Java\jdk1.8.0_144\bin;E:\Android\JDK\Java\jdk1.8.0_144\jre\bin;E:\Android\SDK\platform-tools;E:\Android\SDK\tools;C:\Program Files\TortoiseSVN\bin;E:\Android\SDK\tools\tools;E:\Git\Git\cmd
USERNAME=Administrator
OS=Windows_NT
PROCESSOR_IDENTIFIER=Intel64 Family 6 Model 45 Stepping 6, GenuineIntel



---------------  S Y S T E M  ---------------

OS: Windows 7 , 64 bit Build 7601 (6.1.7601.23677)

CPU:total 16 (8 cores per cpu, 2 threads per core) family 6 model 45 stepping 6, cmov, cx8, fxsr, mmx, sse, sse2, sse3, ssse3, sse4.1, sse4.2, popcnt, avx, aes, clmul, ht, tsc, tscinvbit, tscinv

Memory: 4k page, physical 8318444k(399876k free), swap 11426068k(2036k free)

vm_info: OpenJDK 64-Bit Server VM (25.112-b06) for windows-amd64 JRE (1.8.0_112-release-b06), built on Dec  8 2016 00:54:26 by "builder" with MS VC++ 10.0 (VS2010)

time: Mon Dec 11 15:05:10 2017
elapsed time: 0 seconds (0d 0h 0m 0s)

