#
# There is insufficient memory for the Java Runtime Environment to continue.
# Native memory allocation (malloc) failed to allocate 32744 bytes for ChunkPool::allocate
# Possible reasons:
#   The system is out of physical RAM or swap space
#   In 32 bit mode, the process size limit was hit
# Possible solutions:
#   Reduce memory load on the system
#   Increase physical memory or swap space
#   Check if swap backing store is full
#   Use 64 bit Java on a 64 bit OS
#   Decrease Java heap size (-Xmx/-Xms)
#   Decrease number of Java threads
#   Decrease Java thread stack sizes (-Xss)
#   Set larger code cache with -XX:ReservedCodeCacheSize=
# This output file may be truncated or incomplete.
#
#  Out of Memory Error (allocation.cpp:273), pid=5324, tid=0x0000000000001c48
#
# JRE version: OpenJDK Runtime Environment (8.0_112-b06) (build 1.8.0_112-release-b06)
# Java VM: OpenJDK 64-Bit Server VM (25.112-b06 mixed mode windows-amd64 compressed oops)
# Failed to write core dump. Minidumps are not enabled by default on client versions of Windows
#

---------------  T H R E A D  ---------------

Current thread (0x00000000570de800):  JavaThread "C1 CompilerThread8" daemon [_thread_in_native, id=7240, stack(0x000000005a120000,0x000000005a220000)]

Stack: [0x000000005a120000,0x000000005a220000]
[error occurred during error reporting (printing stack bounds), id 0xc0000005]

Native frames: (J=compiled Java code, j=interpreted, Vv=VM code, C=native code)


Current CompileTask:
C1:    568  818   !   3       com.android.dx.cf.code.Ropper::processBlock (1101 bytes)


---------------  P R O C E S S  ---------------

Java Threads: ( => current thread )
  0x000000005a8af800 JavaThread "pool-2-thread-4" [_thread_blocked, id=7776, stack(0x000000005b460000,0x000000005b560000)]
  0x000000005a8b4000 JavaThread "pool-2-thread-3" [_thread_blocked, id=7468, stack(0x000000005af20000,0x000000005b020000)]
  0x000000005a700800 JavaThread "pool-2-thread-2" [_thread_blocked, id=6260, stack(0x000000005b2d0000,0x000000005b3d0000)]
  0x000000005a6e2000 JavaThread "pool-3-thread-1" [_thread_blocked, id=3588, stack(0x000000005b1b0000,0x000000005b2b0000)]
  0x000000005727f000 JavaThread "pool-2-thread-1" [_thread_blocked, id=5448, stack(0x000000005b030000,0x000000005b130000)]
  0x000000005714b000 JavaThread "Service Thread" daemon [_thread_blocked, id=6256, stack(0x000000005a460000,0x000000005a560000)]
  0x00000000570e1000 JavaThread "C1 CompilerThread11" daemon [_thread_in_native, id=6476, stack(0x00000000596b0000,0x00000000597b0000)]
  0x00000000570e0000 JavaThread "C1 CompilerThread10" daemon [_thread_in_native, id=7120, stack(0x0000000059e30000,0x0000000059f30000)]
  0x00000000570df800 JavaThread "C1 CompilerThread9" daemon [_thread_in_vm, id=7252, stack(0x000000005a270000,0x000000005a370000)]
=>0x00000000570de800 JavaThread "C1 CompilerThread8" daemon [_thread_in_native, id=7240, stack(0x000000005a120000,0x000000005a220000)]
  0x00000000570de000 JavaThread "C2 CompilerThread7" daemon [_thread_blocked, id=6464, stack(0x0000000059f50000,0x000000005a050000)]
  0x00000000570dd000 JavaThread "C2 CompilerThread6" daemon [_thread_in_native, id=3288, stack(0x0000000059cd0000,0x0000000059dd0000)]
  0x00000000570af000 JavaThread "C2 CompilerThread5" daemon [_thread_blocked, id=1472, stack(0x0000000059b20000,0x0000000059c20000)]
  0x000000005708c000 JavaThread "C2 CompilerThread4" daemon [_thread_in_native, id=3300, stack(0x0000000059950000,0x0000000059a50000)]
  0x0000000057073800 JavaThread "C2 CompilerThread3" daemon [_thread_blocked, id=7060, stack(0x0000000059800000,0x0000000059900000)]
  0x0000000057072000 JavaThread "C2 CompilerThread2" daemon [_thread_in_native, id=6704, stack(0x0000000058c00000,0x0000000058d00000)]
  0x0000000057071800 JavaThread "C2 CompilerThread1" daemon [_thread_blocked, id=4024, stack(0x0000000059170000,0x0000000059270000)]
  0x0000000057037800 JavaThread "C2 CompilerThread0" daemon [_thread_blocked, id=2180, stack(0x00000000595a0000,0x00000000596a0000)]
  0x0000000057036800 JavaThread "Attach Listener" daemon [_thread_blocked, id=7032, stack(0x0000000059440000,0x0000000059540000)]
  0x000000005705f000 JavaThread "Signal Dispatcher" daemon [_thread_blocked, id=8112, stack(0x0000000059310000,0x0000000059410000)]
  0x0000000055c65800 JavaThread "Finalizer" daemon [_thread_blocked, id=7300, stack(0x0000000059030000,0x0000000059130000)]
  0x0000000056feb800 JavaThread "Reference Handler" daemon [_thread_blocked, id=8184, stack(0x0000000058e80000,0x0000000058f80000)]
  0x000000000244e800 JavaThread "main" [_thread_blocked, id=7664, stack(0x0000000002680000,0x0000000002780000)]

Other Threads:
  0x0000000056fe1000 VMThread [stack: 0x0000000058d00000,0x0000000058e00000] [id=6616]
  0x000000005714d000 WatcherThread [stack: 0x000000005a5e0000,0x000000005a6e0000] [id=7604]

VM state:synchronizing (normal execution)

VM Mutex/Monitor currently owned by a thread:  ([mutex/lock_event])
[0x000000000244c340] Threads_lock - owner thread: 0x0000000056fe1000
[0x000000000244c9c0] CompiledIC_lock - owner thread: 0x000000005a8af800

Heap:
 PSYoungGen      total 38400K, used 16641K [0x00000000eab00000, 0x00000000ed580000, 0x0000000100000000)
  eden space 33280K, 50% used [0x00000000eab00000,0x00000000ebb404f0,0x00000000ecb80000)
  from space 5120K, 0% used [0x00000000ed080000,0x00000000ed080000,0x00000000ed580000)
  to   space 5120K, 0% used [0x00000000ecb80000,0x00000000ecb80000,0x00000000ed080000)
 ParOldGen       total 87552K, used 0K [0x00000000c0000000, 0x00000000c5580000, 0x00000000eab00000)
  object space 87552K, 0% used [0x00000000c0000000,0x00000000c0000000,0x00000000c5580000)
 Metaspace       used 5602K, capacity 6768K, committed 7040K, reserved 1056768K
  class space    used 554K, capacity 616K, committed 640K, reserved 1048576K

Card table byte_map: [0x0000000011b40000,0x0000000011d50000] byte_map_base: 0x0000000011540000

Marking Bits: (ParMarkBitMap*) 0x000000006c5b18f0
 Begin Bits: [0x0000000013070000, 0x0000000014070000)
 End Bits:   [0x0000000014070000, 0x0000000015070000)

Polling page: 0x0000000000230000

CodeCache: size=245760Kb used=5009Kb max_used=5019Kb free=240750Kb
 bounds [0x0000000002780000, 0x0000000002c70000, 0x0000000011780000]
 total_blobs=1095 nmethods=829 adapters=177
 compilation: enabled

Compilation events (10 events):
Event: 0.501 Thread 0x00000000570e0000 nmethod 839 0x0000000002c5f1d0 code [0x0000000002c5f320, 0x0000000002c5f490]
Event: 0.501 Thread 0x00000000570e0000  823       3       com.android.dx.cf.code.Simulator$SimVisitor::visitNoArgs (2136 bytes)
Event: 0.501 Thread 0x00000000570af000 nmethod 830 0x0000000002c64d10 code [0x0000000002c64e60, 0x0000000002c65118]
Event: 0.502 Thread 0x00000000570de000 nmethod 836 0x0000000002c64950 code [0x0000000002c64aa0, 0x0000000002c64c18]
Event: 0.502 Thread 0x00000000570e1000  824       3       com.android.dx.rop.code.PlainInsn::getCatches (4 bytes)
Event: 0.502 Thread 0x00000000570e1000 nmethod 824 0x0000000002c64610 code [0x0000000002c64760, 0x0000000002c648b0]
Event: 0.502 Thread 0x00000000570e1000  822       3       com.android.dx.rop.cst.CstBaseMethodRef::getType (8 bytes)
Event: 0.503 Thread 0x00000000570e1000 nmethod 822 0x0000000002c64210 code [0x0000000002c64360, 0x0000000002c64550]
Event: 0.503 Thread 0x00000000570e1000  842       3       com.android.dx.cf.code.ByteCatchList::toRopCatchList (57 bytes)
Event: 0.503 Thread 0x00000000570df800  843       3       com.android.dx.cf.code.RopperMachine::startBlock (48 bytes)

GC Heap History (0 events):
No events

Deoptimization events (5 events):
Event: 0.342 Thread 0x000000005a700800 Uncommon trap: reason=unstable_if action=reinterpret pc=0x0000000002b49668 method=java.util.HashMap.getNode(ILjava/lang/Object;)Ljava/util/HashMap$Node; @ 62
Event: 0.408 Thread 0x000000005a8af800 Uncommon trap: reason=unstable_if action=reinterpret pc=0x0000000002ba3860 method=java.util.BitSet.nextSetBit(I)I @ 87
Event: 0.422 Thread 0x000000005a8b4000 Uncommon trap: reason=unstable_if action=reinterpret pc=0x0000000002c00884 method=java.util.HashMap.getNode(ILjava/lang/Object;)Ljava/util/HashMap$Node; @ 129
Event: 0.429 Thread 0x000000005727f000 Uncommon trap: reason=bimorphic action=maybe_recompile pc=0x0000000002ba6830 method=java.util.HashMap.getNode(ILjava/lang/Object;)Ljava/util/HashMap$Node; @ 126
Event: 0.429 Thread 0x000000005727f000 Uncommon trap: reason=bimorphic action=maybe_recompile pc=0x0000000002ba6830 method=java.util.HashMap.getNode(ILjava/lang/Object;)Ljava/util/HashMap$Node; @ 126

Internal exceptions (2 events):
Event: 0.036 Thread 0x000000000244e800 Exception <a 'java/lang/NoSuchMethodError': Method sun.misc.Unsafe.defineClass(Ljava/lang/String;[BII)Ljava/lang/Class; name or signature does not match> (0x00000000eab07c78) thrown at [C:\src\android\AOSP-openjdk\external\jetbrains\jdk\hotspot\src\share\v¢û¯®Ni¢?
Event: 0.036 Thread 0x000000000244e800 Exception <a 'java/lang/NoSuchMethodError': Method sun.misc.Unsafe.prefetchRead(Ljava/lang/Object;J)V name or signature does not match> (0x00000000eab07f60) thrown at [C:\src\android\AOSP-openjdk\external\jetbrains\jdk\hotspot\src\share\vm\prims\jni.cpp, l

Events (10 events):
Event: 0.429 Thread 0x000000005727f000 Uncommon trap: trap_request=0xffffffc6 fr.pc=0x0000000002ba6830
Event: 0.429 Thread 0x000000005727f000 DEOPT PACKING pc=0x0000000002ba6830 sp=0x000000005b12e710
Event: 0.429 Thread 0x000000005727f000 DEOPT UNPACKING pc=0x00000000027c556a sp=0x000000005b12e638 mode 2
Event: 0.482 loading class java/util/ArrayList$1
Event: 0.482 loading class java/util/ArrayList$1 done
Event: 0.495 Thread 0x000000005a8b4000 DEOPT PACKING pc=0x0000000002ba5d3a sp=0x000000005b01e980
Event: 0.495 Thread 0x000000005a8b4000 DEOPT UNPACKING pc=0x00000000027c75bf sp=0x000000005b01e6f8 mode 0
Event: 0.497 Thread 0x000000005a8b4000 DEOPT PACKING pc=0x0000000002ba5d3a sp=0x000000005b01e980
Event: 0.497 Thread 0x000000005a8b4000 DEOPT UNPACKING pc=0x00000000027c75bf sp=0x000000005b01e6f8 mode 0
Event: 0.504 Executing VM operation: ForceSafepoint


Dynamic libraries:
0x000000013fbc0000 - 0x000000013fbf1000 	E:\Android\AS\jre\bin\java.exe
0x0000000077400000 - 0x00000000775aa000 	C:\Windows\SYSTEM32\ntdll.dll
0x00000000772e0000 - 0x00000000773ff000 	C:\Windows\system32\kernel32.dll
0x000007fefd240000 - 0x000007fefd2aa000 	C:\Windows\system32\KERNELBASE.dll
0x000007fefe430000 - 0x000007fefe50b000 	C:\Windows\system32\ADVAPI32.dll
0x000007fefdfe0000 - 0x000007fefe07f000 	C:\Windows\system32\msvcrt.dll
0x000007fefd4a0000 - 0x000007fefd4bf000 	C:\Windows\SYSTEM32\sechost.dll
0x000007feff5e0000 - 0x000007feff70d000 	C:\Windows\system32\RPCRT4.dll
0x00000000771e0000 - 0x00000000772da000 	C:\Windows\system32\USER32.dll
0x000007fefdac0000 - 0x000007fefdb27000 	C:\Windows\system32\GDI32.dll
0x000007fefe080000 - 0x000007fefe08e000 	C:\Windows\system32\LPK.dll
0x000007fefdd40000 - 0x000007fefde0a000 	C:\Windows\system32\USP10.dll
0x000007fefbc60000 - 0x000007fefbe54000 	C:\Windows\WinSxS\amd64_microsoft.windows.common-controls_6595b64144ccf1df_6.0.7601.18837_none_fa3b1e3d17594757\COMCTL32.dll
0x000007fefde10000 - 0x000007fefde81000 	C:\Windows\system32\SHLWAPI.dll
0x000007fefe320000 - 0x000007fefe34e000 	C:\Windows\system32\IMM32.DLL
0x000007feff340000 - 0x000007feff449000 	C:\Windows\system32\MSCTF.dll
0x000000006a920000 - 0x000000006a9f2000 	E:\Android\AS\jre\jre\bin\msvcr100.dll
0x000000006bdf0000 - 0x000000006c62c000 	E:\Android\AS\jre\jre\bin\server\jvm.dll
0x000007fefb310000 - 0x000007fefb319000 	C:\Windows\system32\WSOCK32.dll
0x000007fefdef0000 - 0x000007fefdf3d000 	C:\Windows\system32\WS2_32.dll
0x000007fefe090000 - 0x000007fefe098000 	C:\Windows\system32\NSI.dll
0x000007fef8a10000 - 0x000007fef8a4b000 	C:\Windows\system32\WINMM.dll
0x000007fefc1d0000 - 0x000007fefc1dc000 	C:\Windows\system32\VERSION.dll
0x00000000775d0000 - 0x00000000775d7000 	C:\Windows\system32\PSAPI.DLL
0x000007fef63d0000 - 0x000007fef63df000 	E:\Android\AS\jre\jre\bin\verify.dll
0x000007fef1930000 - 0x000007fef1959000 	E:\Android\AS\jre\jre\bin\java.dll
0x000007fef1910000 - 0x000007fef1926000 	E:\Android\AS\jre\jre\bin\zip.dll
0x000007fefe5b0000 - 0x000007feff339000 	C:\Windows\system32\SHELL32.dll
0x000007fefdb30000 - 0x000007fefdd33000 	C:\Windows\system32\ole32.dll
0x000007fefd0f0000 - 0x000007fefd0ff000 	C:\Windows\system32\profapi.dll

VM Arguments:
jvm_args: -Djava.awt.headless=true -Xmx1024M -Dfile.encoding=GBK -Duser.country=CN -Duser.language=zh -Duser.variant 
java_command: com.android.dx.command.Main --dex --force-jumbo --num-threads=4 --multi-dex --output C:\Users\Administrator\Desktop\SoundRecorder\app\build\intermediates\transforms\dex\debug\folders\1000\5\slice_7 C:\Users\Administrator\Desktop\SoundRecorder\app\build\intermediates\transforms\instantRunSlicer\debug\folders\1\5\slice_7
java_class_path (initial): C:\Users\Administrator\AppData\Local\Android\Sdk\build-tools\25.0.0\lib\dx.jar
Launcher Type: SUN_STANDARD

Environment Variables:
JAVA_HOME=E:\Android\JDK\Java\jdk1.8.0_144
CLASSPATH=.;E:\Android\JDK\Java\jdk1.8.0_144\lib;E:\Android\JDK\Java\jdk1.8.0_144\lib\dt.jar;E:\Android\JDK\Java\jdk1.8.0_144\lib\tools.jar;
PATH=C:\ProgramData\Oracle\Java\javapath;C:\Windows\system32;C:\Windows;C:\Windows\System32\Wbem;C:\Windows\System32\WindowsPowerShell\v1.0\;E:\Android\JDK\Java\jdk1.8.0_144\bin;E:\Android\JDK\Java\jdk1.8.0_144\jre\bin;E:\Android\SDK\platform-tools;E:\Android\SDK\tools;C:\Program Files\TortoiseSVN\bin;E:\Android\SDK\tools\tools;E:\Git\Git\cmd
USERNAME=Administrator
OS=Windows_NT
PROCESSOR_IDENTIFIER=Intel64 Family 6 Model 45 Stepping 6, GenuineIntel



---------------  S Y S T E M  ---------------

OS: Windows 7 , 64 bit Build 7601 (6.1.7601.23677)

CPU:total 16 (8 cores per cpu, 2 threads per core) family 6 model 45 stepping 6, cmov, cx8, fxsr, mmx, sse, sse2, sse3, ssse3, sse4.1, sse4.2, popcnt, avx, aes, clmul, ht, tsc, tscinvbit, tscinv

Memory: 4k page, physical 8318444k(422488k free), swap 11426068k(238188k free)

vm_info: OpenJDK 64-Bit Server VM (25.112-b06) for windows-amd64 JRE (1.8.0_112-release-b06), built on Dec  8 2016 00:54:26 by "builder" with MS VC++ 10.0 (VS2010)

time: Mon Dec 11 15:03:44 2017
elapsed time: 0 seconds (0d 0h 0m 0s)

