#
# There is insufficient memory for the Java Runtime Environment to continue.
# Native memory allocation (malloc) failed to allocate 32744 bytes for ChunkPool::allocate
# Possible reasons:
#   The system is out of physical RAM or swap space
#   In 32 bit mode, the process size limit was hit
# Possible solutions:
#   Reduce memory load on the system
#   Increase physical memory or swap space
#   Check if swap backing store is full
#   Use 64 bit Java on a 64 bit OS
#   Decrease Java heap size (-Xmx/-Xms)
#   Decrease number of Java threads
#   Decrease Java thread stack sizes (-Xss)
#   Set larger code cache with -XX:ReservedCodeCacheSize=
# This output file may be truncated or incomplete.
#
#  Out of Memory Error (allocation.cpp:273), pid=6496, tid=0x0000000000001c14
#
# JRE version: OpenJDK Runtime Environment (8.0_112-b06) (build 1.8.0_112-release-b06)
# Java VM: OpenJDK 64-Bit Server VM (25.112-b06 mixed mode windows-amd64 compressed oops)
# Failed to write core dump. Minidumps are not enabled by default on client versions of Windows
#

---------------  T H R E A D  ---------------

Current thread (0x000000005a6b5000):  JavaThread "pool-1-thread-4" [_thread_in_vm, id=7188, stack(0x000000005b650000,0x000000005b750000)]

Stack: [0x000000005b650000,0x000000005b750000]
[error occurred during error reporting (printing stack bounds), id 0xc0000005]

Native frames: (J=compiled Java code, j=interpreted, Vv=VM code, C=native code)

Java frames: (J=compiled Java code, j=interpreted, Vv=VM code)
j  com.android.dx.dex.file.AnnotationUtils.makeAnnotationDefault(Lcom/android/dx/rop/annotation/Annotation;)Lcom/android/dx/rop/annotation/Annotation;+22
j  com.android.dx.dex.cf.AttributeTranslator.translateAnnotationDefaults(Lcom/android/dx/cf/direct/DirectClassFile;)Lcom/android/dx/rop/annotation/Annotation;+134
j  com.android.dx.dex.cf.AttributeTranslator.getClassAnnotations(Lcom/android/dx/cf/direct/DirectClassFile;Lcom/android/dx/dex/cf/CfOptions;)Lcom/android/dx/rop/annotation/Annotations;+113
j  com.android.dx.dex.cf.CfTranslator.translate0(Lcom/android/dx/cf/direct/DirectClassFile;[BLcom/android/dx/dex/cf/CfOptions;Lcom/android/dx/dex/DexOptions;Lcom/android/dx/dex/file/DexFile;)Lcom/android/dx/dex/file/ClassDefItem;+69
j  com.android.dx.dex.cf.CfTranslator.translate(Lcom/android/dx/cf/direct/DirectClassFile;[BLcom/android/dx/dex/cf/CfOptions;Lcom/android/dx/dex/DexOptions;Lcom/android/dx/dex/file/DexFile;)Lcom/android/dx/dex/file/ClassDefItem;+6
j  com.android.dx.command.dexer.Main.translateClass([BLcom/android/dx/cf/direct/DirectClassFile;)Lcom/android/dx/dex/file/ClassDefItem;+17
j  com.android.dx.command.dexer.Main.access$2700([BLcom/android/dx/cf/direct/DirectClassFile;)Lcom/android/dx/dex/file/ClassDefItem;+2
j  com.android.dx.command.dexer.Main$ClassTranslatorTask.call()Lcom/android/dx/dex/file/ClassDefItem;+8
j  com.android.dx.command.dexer.Main$ClassTranslatorTask.call()Ljava/lang/Object;+1
j  java.util.concurrent.FutureTask.run()V+42
j  java.util.concurrent.ThreadPoolExecutor.runWorker(Ljava/util/concurrent/ThreadPoolExecutor$Worker;)V+95
j  java.util.concurrent.ThreadPoolExecutor$Worker.run()V+5
j  java.lang.Thread.run()V+11
v  ~StubRoutines::call_stub

---------------  P R O C E S S  ---------------

Java Threads: ( => current thread )
=>0x000000005a6b5000 JavaThread "pool-1-thread-4" [_thread_in_vm, id=7188, stack(0x000000005b650000,0x000000005b750000)]
  0x000000005a6b2800 JavaThread "pool-1-thread-3" [_thread_blocked, id=2500, stack(0x000000005b3b0000,0x000000005b4b0000)]
  0x000000005a6b2000 JavaThread "pool-1-thread-2" [_thread_blocked, id=4880, stack(0x000000005b260000,0x000000005b360000)]
  0x000000005a6b1000 JavaThread "pool-2-thread-1" [_thread_blocked, id=7400, stack(0x000000005b0f0000,0x000000005b1f0000)]
  0x00000000572f8800 JavaThread "pool-1-thread-1" [_thread_blocked, id=2596, stack(0x000000005af20000,0x000000005b020000)]
  0x00000000571d9800 JavaThread "Service Thread" daemon [_thread_blocked, id=3940, stack(0x000000005a570000,0x000000005a670000)]
  0x000000005713d800 JavaThread "C1 CompilerThread11" daemon [_thread_in_native, id=4476, stack(0x000000005a3f0000,0x000000005a4f0000)]
  0x000000005713c800 JavaThread "C1 CompilerThread10" daemon [_thread_blocked, id=5272, stack(0x000000005a150000,0x000000005a250000)]
  0x000000005713c000 JavaThread "C1 CompilerThread9" daemon [_thread_blocked, id=1432, stack(0x000000005a050000,0x000000005a150000)]
  0x000000005713b000 JavaThread "C1 CompilerThread8" daemon [_thread_in_native, id=1068, stack(0x00000000593d0000,0x00000000594d0000)]
  0x000000005713a800 JavaThread "C2 CompilerThread7" daemon [_thread_in_native, id=1728, stack(0x0000000059de0000,0x0000000059ee0000)]
  0x0000000057139800 JavaThread "C2 CompilerThread6" daemon [_thread_blocked, id=7488, stack(0x0000000059f20000,0x000000005a020000)]
  0x0000000057139000 JavaThread "C2 CompilerThread5" daemon [_thread_in_native, id=6084, stack(0x0000000059c60000,0x0000000059d60000)]
  0x0000000057138000 JavaThread "C2 CompilerThread4" daemon [_thread_blocked, id=2496, stack(0x0000000059ad0000,0x0000000059bd0000)]
  0x000000005710f800 JavaThread "C2 CompilerThread3" daemon [_thread_in_native, id=4164, stack(0x0000000059970000,0x0000000059a70000)]
  0x00000000570fe000 JavaThread "C2 CompilerThread2" daemon [_thread_blocked, id=632, stack(0x0000000059780000,0x0000000059880000)]
  0x00000000570fd800 JavaThread "C2 CompilerThread1" daemon [_thread_in_native, id=7964, stack(0x0000000059630000,0x0000000059730000)]
  0x00000000570e6000 JavaThread "C2 CompilerThread0" daemon [_thread_blocked, id=6696, stack(0x00000000594d0000,0x00000000595d0000)]
  0x00000000570cb000 JavaThread "Attach Listener" daemon [_thread_blocked, id=6864, stack(0x00000000592d0000,0x00000000593d0000)]
  0x00000000570ca000 JavaThread "Signal Dispatcher" daemon [_thread_blocked, id=7480, stack(0x0000000058e70000,0x0000000058f70000)]
  0x0000000055bd3800 JavaThread "Finalizer" daemon [_thread_blocked, id=5844, stack(0x00000000591a0000,0x00000000592a0000)]
  0x000000005706a800 JavaThread "Reference Handler" daemon [_thread_blocked, id=6648, stack(0x0000000058fb0000,0x00000000590b0000)]
  0x0000000001d3e800 JavaThread "main" [_thread_in_Java, id=1340, stack(0x0000000002730000,0x0000000002830000)]

Other Threads:
  0x0000000057060800 VMThread [stack: 0x0000000058d30000,0x0000000058e30000] [id=6360]
  0x00000000571db800 WatcherThread [stack: 0x000000005a2f0000,0x000000005a3f0000] [id=4900]

VM state:not at safepoint (normal execution)

VM Mutex/Monitor currently owned by a thread: None

Heap:
 PSYoungGen      total 38400K, used 9319K [0x00000000eab00000, 0x00000000ed580000, 0x0000000100000000)
  eden space 33280K, 28% used [0x00000000eab00000,0x00000000eb419c88,0x00000000ecb80000)
  from space 5120K, 0% used [0x00000000ed080000,0x00000000ed080000,0x00000000ed580000)
  to   space 5120K, 0% used [0x00000000ecb80000,0x00000000ecb80000,0x00000000ed080000)
 ParOldGen       total 87552K, used 0K [0x00000000c0000000, 0x00000000c5580000, 0x00000000eab00000)
  object space 87552K, 0% used [0x00000000c0000000,0x00000000c0000000,0x00000000c5580000)
 Metaspace       used 4060K, capacity 5232K, committed 5376K, reserved 1056768K
  class space    used 437K, capacity 488K, committed 512K, reserved 1048576K

Card table byte_map: [0x0000000011bf0000,0x0000000011e00000] byte_map_base: 0x00000000115f0000

Marking Bits: (ParMarkBitMap*) 0x000000006c5b18f0
 Begin Bits: [0x0000000012fe0000, 0x0000000013fe0000)
 End Bits:   [0x0000000013fe0000, 0x0000000014fe0000)

Polling page: 0x0000000000240000

CodeCache: size=245760Kb used=3232Kb max_used=3232Kb free=242527Kb
 bounds [0x0000000002830000, 0x0000000002b60000, 0x0000000011830000]
 total_blobs=501 nmethods=242 adapters=170
 compilation: enabled

Compilation events (10 events):
Event: 0.185 Thread 0x000000005713c000 nmethod 219 0x0000000002b4dbd0 code [0x0000000002b4de00, 0x0000000002b4eac8]
Event: 0.185 Thread 0x000000005713c000  223       1       com.android.dx.cf.attrib.BaseAttribute::getName (5 bytes)
Event: 0.186 Thread 0x000000005713c000 nmethod 223 0x0000000002b4f090 code [0x0000000002b4f1e0, 0x0000000002b4f2f0]
Event: 0.186 Thread 0x000000005713c000  224       1       com.android.dx.rop.cst.CstMemberRef::getNat (5 bytes)
Event: 0.186 Thread 0x000000005713c000 nmethod 224 0x0000000002b4f350 code [0x0000000002b4f4a0, 0x0000000002b4f5b0]
Event: 0.186 Thread 0x000000005713c000  225       1       java.util.concurrent.atomic.AtomicInteger::get (5 bytes)
Event: 0.186 Thread 0x000000005713c000 nmethod 225 0x0000000002b4f610 code [0x0000000002b4f760, 0x0000000002b4f870]
Event: 0.186 Thread 0x000000005713c000  232       3       java.util.TreeMap$Entry::<init> (25 bytes)
Event: 0.186 Thread 0x000000005713c000 nmethod 232 0x0000000002b4f8d0 code [0x0000000002b4fa20, 0x0000000002b4fc10]
Event: 0.186 Thread 0x000000005713c000  227       3       com.android.dx.rop.cst.Constant::compareTo (9 bytes)

GC Heap History (0 events):
No events

Deoptimization events (0 events):
No events

Internal exceptions (2 events):
Event: 0.027 Thread 0x0000000001d3e800 Exception <a 'java/lang/NoSuchMethodError': Method sun.misc.Unsafe.defineClass(Ljava/lang/String;[BII)Ljava/lang/Class; name or signature does not match> (0x00000000eab07c78) thrown at [C:\src\android\AOSP-openjdk\external\jetbrains\jdk\hotspot\src\share\v3?o›?
Event: 0.027 Thread 0x0000000001d3e800 Exception <a 'java/lang/NoSuchMethodError': Method sun.misc.Unsafe.prefetchRead(Ljava/lang/Object;J)V name or signature does not match> (0x00000000eab07f60) thrown at [C:\src\android\AOSP-openjdk\external\jetbrains\jdk\hotspot\src\share\vm\prims\jni.cpp, l

Events (10 events):
Event: 0.183 loading class com/android/dx/dex/file/StringDataItem
Event: 0.183 loading class com/android/dx/dex/file/StringDataItem done
Event: 0.183 loading class com/android/dx/dex/file/FieldIdItem
Event: 0.183 loading class com/android/dx/dex/file/FieldIdItem done
Event: 0.184 loading class com/android/dx/dex/file/MemberIdItem
Event: 0.184 loading class com/android/dx/dex/file/MemberIdItem done
Event: 0.185 loading class com/android/dx/dex/file/AnnotationUtils
Event: 0.185 loading class com/android/dx/dex/file/AnnotationUtils done
Event: 0.186 loading class com/android/dx/rop/cst/CstKnownNull
Event: 0.186 loading class com/android/dx/rop/cst/CstKnownNull done


Dynamic libraries:
0x000000013fbc0000 - 0x000000013fbf1000 	E:\Android\AS\jre\bin\java.exe
0x0000000077400000 - 0x00000000775aa000 	C:\Windows\SYSTEM32\ntdll.dll
0x00000000772e0000 - 0x00000000773ff000 	C:\Windows\system32\kernel32.dll
0x000007fefd240000 - 0x000007fefd2aa000 	C:\Windows\system32\KERNELBASE.dll
0x000007fefe430000 - 0x000007fefe50b000 	C:\Windows\system32\ADVAPI32.dll
0x000007fefdfe0000 - 0x000007fefe07f000 	C:\Windows\system32\msvcrt.dll
0x000007fefd4a0000 - 0x000007fefd4bf000 	C:\Windows\SYSTEM32\sechost.dll
0x000007feff5e0000 - 0x000007feff70d000 	C:\Windows\system32\RPCRT4.dll
0x00000000771e0000 - 0x00000000772da000 	C:\Windows\system32\USER32.dll
0x000007fefdac0000 - 0x000007fefdb27000 	C:\Windows\system32\GDI32.dll
0x000007fefe080000 - 0x000007fefe08e000 	C:\Windows\system32\LPK.dll
0x000007fefdd40000 - 0x000007fefde0a000 	C:\Windows\system32\USP10.dll
0x000007fefbc60000 - 0x000007fefbe54000 	C:\Windows\WinSxS\amd64_microsoft.windows.common-controls_6595b64144ccf1df_6.0.7601.18837_none_fa3b1e3d17594757\COMCTL32.dll
0x000007fefde10000 - 0x000007fefde81000 	C:\Windows\system32\SHLWAPI.dll
0x000007fefe320000 - 0x000007fefe34e000 	C:\Windows\system32\IMM32.DLL
0x000007feff340000 - 0x000007feff449000 	C:\Windows\system32\MSCTF.dll
0x000000006a920000 - 0x000000006a9f2000 	E:\Android\AS\jre\jre\bin\msvcr100.dll
0x000000006bdf0000 - 0x000000006c62c000 	E:\Android\AS\jre\jre\bin\server\jvm.dll
0x000007fefb310000 - 0x000007fefb319000 	C:\Windows\system32\WSOCK32.dll
0x000007fefdef0000 - 0x000007fefdf3d000 	C:\Windows\system32\WS2_32.dll
0x000007fefe090000 - 0x000007fefe098000 	C:\Windows\system32\NSI.dll
0x000007fef8a10000 - 0x000007fef8a4b000 	C:\Windows\system32\WINMM.dll
0x000007fefc1d0000 - 0x000007fefc1dc000 	C:\Windows\system32\VERSION.dll
0x00000000775d0000 - 0x00000000775d7000 	C:\Windows\system32\PSAPI.DLL
0x000007fef63d0000 - 0x000007fef63df000 	E:\Android\AS\jre\jre\bin\verify.dll
0x000007fef1930000 - 0x000007fef1959000 	E:\Android\AS\jre\jre\bin\java.dll
0x000007fef1910000 - 0x000007fef1926000 	E:\Android\AS\jre\jre\bin\zip.dll
0x000007fefe5b0000 - 0x000007feff339000 	C:\Windows\system32\SHELL32.dll
0x000007fefdb30000 - 0x000007fefdd33000 	C:\Windows\system32\ole32.dll
0x000007fefd0f0000 - 0x000007fefd0ff000 	C:\Windows\system32\profapi.dll

VM Arguments:
jvm_args: -Djava.awt.headless=true -Xmx1024M -Dfile.encoding=GBK -Duser.country=CN -Duser.language=zh -Duser.variant 
java_command: com.android.dx.command.Main --dex --num-threads=4 --output C:\Users\Administrator\Desktop\SoundRecorder\app\build\intermediates\pre-dexed\debug\support-annotations-21.0.3_fff5ba9dcfc3fb927efe66bf6ce29e1891a7463e.jar C:\Users\Administrator\AppData\Local\Android\Sdk\extras\android\m2repository\com\android\support\support-annotations\21.0.3\support-annotations-21.0.3.jar
java_class_path (initial): C:\Users\Administrator\AppData\Local\Android\Sdk\build-tools\25.0.0\lib\dx.jar
Launcher Type: SUN_STANDARD

Environment Variables:
JAVA_HOME=E:\Android\JDK\Java\jdk1.8.0_144
CLASSPATH=.;E:\Android\JDK\Java\jdk1.8.0_144\lib;E:\Android\JDK\Java\jdk1.8.0_144\lib\dt.jar;E:\Android\JDK\Java\jdk1.8.0_144\lib\tools.jar;
PATH=C:\ProgramData\Oracle\Java\javapath;C:\Windows\system32;C:\Windows;C:\Windows\System32\Wbem;C:\Windows\System32\WindowsPowerShell\v1.0\;E:\Android\JDK\Java\jdk1.8.0_144\bin;E:\Android\JDK\Java\jdk1.8.0_144\jre\bin;E:\Android\SDK\platform-tools;E:\Android\SDK\tools;C:\Program Files\TortoiseSVN\bin;E:\Android\SDK\tools\tools;E:\Git\Git\cmd
USERNAME=Administrator
OS=Windows_NT
PROCESSOR_IDENTIFIER=Intel64 Family 6 Model 45 Stepping 6, GenuineIntel



---------------  S Y S T E M  ---------------

OS: Windows 7 , 64 bit Build 7601 (6.1.7601.23677)

CPU:total 16 (8 cores per cpu, 2 threads per core) family 6 model 45 stepping 6, cmov, cx8, fxsr, mmx, sse, sse2, sse3, ssse3, sse4.1, sse4.2, popcnt, avx, aes, clmul, ht, tsc, tscinvbit, tscinv

Memory: 4k page, physical 8318444k(509668k free), swap 11426068k(178356k free)

vm_info: OpenJDK 64-Bit Server VM (25.112-b06) for windows-amd64 JRE (1.8.0_112-release-b06), built on Dec  8 2016 00:54:26 by "builder" with MS VC++ 10.0 (VS2010)

time: Mon Dec 11 15:05:10 2017
elapsed time: 0 seconds (0d 0h 0m 0s)

