#
# There is insufficient memory for the Java Runtime Environment to continue.
# Native memory allocation (malloc) failed to allocate 67856 bytes for Chunk::new
# Possible reasons:
#   The system is out of physical RAM or swap space
#   In 32 bit mode, the process size limit was hit
# Possible solutions:
#   Reduce memory load on the system
#   Increase physical memory or swap space
#   Check if swap backing store is full
#   Use 64 bit Java on a 64 bit OS
#   Decrease Java heap size (-Xmx/-Xms)
#   Decrease number of Java threads
#   Decrease Java thread stack sizes (-Xss)
#   Set larger code cache with -XX:ReservedCodeCacheSize=
# This output file may be truncated or incomplete.
#
#  Out of Memory Error (allocation.cpp:390), pid=6684, tid=0x0000000000001c14
#
# JRE version: OpenJDK Runtime Environment (8.0_112-b06) (build 1.8.0_112-release-b06)
# Java VM: OpenJDK 64-Bit Server VM (25.112-b06 mixed mode windows-amd64 compressed oops)
# Failed to write core dump. Minidumps are not enabled by default on client versions of Windows
#

---------------  T H R E A D  ---------------

Current thread (0x0000000056f02000):  JavaThread "C2 CompilerThread2" daemon [_thread_in_native, id=7188, stack(0x0000000059390000,0x0000000059490000)]

Stack: [0x0000000059390000,0x0000000059490000]
[error occurred during error reporting (printing stack bounds), id 0xc0000005]

Native frames: (J=compiled Java code, j=interpreted, Vv=VM code, C=native code)


Current CompileTask:
C2:    574  773       4       com.android.dx.ssa.SsaBasicBlock::forEachInsn (37 bytes)


---------------  P R O C E S S  ---------------

Java Threads: ( => current thread )
  0x0000000056fe4800 JavaThread "Service Thread" daemon [_thread_blocked, id=7376, stack(0x000000005a380000,0x000000005a480000)]
  0x0000000056fab000 JavaThread "C1 CompilerThread11" daemon [_thread_blocked, id=4376, stack(0x000000005a190000,0x000000005a290000)]
  0x0000000056fa0800 JavaThread "C1 CompilerThread10" daemon [_thread_blocked, id=5712, stack(0x000000005a060000,0x000000005a160000)]
  0x0000000056f8f800 JavaThread "C1 CompilerThread9" daemon [_thread_blocked, id=7480, stack(0x00000000596a0000,0x00000000597a0000)]
  0x0000000056f8e800 JavaThread "C1 CompilerThread8" daemon [_thread_blocked, id=7876, stack(0x0000000059f50000,0x000000005a050000)]
  0x0000000056f7e000 JavaThread "C2 CompilerThread7" daemon [_thread_in_native, id=3912, stack(0x0000000059d30000,0x0000000059e30000)]
  0x0000000056f7d000 JavaThread "C2 CompilerThread6" daemon [_thread_in_native, id=7076, stack(0x0000000059b40000,0x0000000059c40000)]
  0x0000000056f4b000 JavaThread "C2 CompilerThread5" daemon [_thread_blocked, id=5080, stack(0x0000000059a10000,0x0000000059b10000)]
  0x0000000056f24000 JavaThread "C2 CompilerThread4" daemon [_thread_blocked, id=7272, stack(0x0000000059800000,0x0000000059900000)]
  0x0000000056f03800 JavaThread "C2 CompilerThread3" daemon [_thread_blocked, id=4300, stack(0x00000000595a0000,0x00000000596a0000)]
=>0x0000000056f02000 JavaThread "C2 CompilerThread2" daemon [_thread_in_native, id=7188, stack(0x0000000059390000,0x0000000059490000)]
  0x0000000056f01800 JavaThread "C2 CompilerThread1" daemon [_thread_in_native, id=7824, stack(0x00000000594a0000,0x00000000595a0000)]
  0x0000000056edd000 JavaThread "C2 CompilerThread0" daemon [_thread_in_native, id=7184, stack(0x00000000591f0000,0x00000000592f0000)]
  0x0000000056edc800 JavaThread "Attach Listener" daemon [_thread_blocked, id=4188, stack(0x0000000058b80000,0x0000000058c80000)]
  0x0000000056ec7800 JavaThread "Signal Dispatcher" daemon [_thread_blocked, id=6836, stack(0x0000000059070000,0x0000000059170000)]
  0x0000000055c05000 JavaThread "Finalizer" daemon [_thread_blocked, id=4144, stack(0x0000000058f30000,0x0000000059030000)]
  0x0000000055bfc000 JavaThread "Reference Handler" daemon [_thread_blocked, id=6196, stack(0x0000000058e00000,0x0000000058f00000)]
  0x00000000024ae800 JavaThread "main" [_thread_blocked, id=6996, stack(0x00000000025f0000,0x00000000026f0000)]

Other Threads:
  0x0000000056e70800 VMThread [stack: 0x0000000058c80000,0x0000000058d80000] [id=7044]
  0x0000000056fe6800 WatcherThread [stack: 0x000000005a620000,0x000000005a720000] [id=7148]

VM state:not at safepoint (normal execution)

VM Mutex/Monitor currently owned by a thread: None

Heap:
 PSYoungGen      total 38400K, used 22245K [0x00000000eab00000, 0x00000000ed580000, 0x0000000100000000)
  eden space 33280K, 66% used [0x00000000eab00000,0x00000000ec0b9418,0x00000000ecb80000)
  from space 5120K, 0% used [0x00000000ed080000,0x00000000ed080000,0x00000000ed580000)
  to   space 5120K, 0% used [0x00000000ecb80000,0x00000000ecb80000,0x00000000ed080000)
 ParOldGen       total 87552K, used 0K [0x00000000c0000000, 0x00000000c5580000, 0x00000000eab00000)
  object space 87552K, 0% used [0x00000000c0000000,0x00000000c0000000,0x00000000c5580000)
 Metaspace       used 5676K, capacity 6768K, committed 7040K, reserved 1056768K
  class space    used 558K, capacity 616K, committed 640K, reserved 1048576K

Card table byte_map: [0x0000000011ab0000,0x0000000011cc0000] byte_map_base: 0x00000000114b0000

Marking Bits: (ParMarkBitMap*) 0x000000006c5b18f0
 Begin Bits: [0x0000000013010000, 0x0000000014010000)
 End Bits:   [0x0000000014010000, 0x0000000015010000)

Polling page: 0x00000000001c0000

CodeCache: size=245760Kb used=5367Kb max_used=5367Kb free=240392Kb
 bounds [0x00000000026f0000, 0x0000000002c30000, 0x00000000116f0000]
 total_blobs=1180 nmethods=906 adapters=176
 compilation: disabled (not enough contiguous free space left)

Compilation events (10 events):
Event: 0.509 Thread 0x0000000056f8f800 nmethod 938 0x0000000002c2fb10 code [0x0000000002c2fc60, 0x0000000002c2fdd0]
Event: 0.509 Thread 0x0000000056f8f800  931       3       com.android.dx.cf.code.Ropper::mergeAndWorkAsNecessary (102 bytes)
Event: 0.509 Thread 0x0000000056f24000 

Event: 0.509 Thread 0x0000000056f24000  945  s    4       java.util.Vector::add (39 bytes)
Event: 0.509 Thread 0x0000000056f8e800 

Event: 0.509 Thread 0x0000000056fa0800 

Event: 0.510 Thread 0x0000000056f8f800 

Event: 0.510 Thread 0x0000000056f03800 

Event: 0.510 Thread 0x0000000056f4b000 

Event: 0.510 Thread 0x0000000056fab000 


GC Heap History (0 events):
No events

Deoptimization events (6 events):
Event: 0.358 Thread 0x000000005a730800 Uncommon trap: reason=unstable_if action=reinterpret pc=0x0000000002af01e4 method=java.util.HashMap.getNode(ILjava/lang/Object;)Ljava/util/HashMap$Node; @ 62
Event: 0.391 Thread 0x000000005a730800 Uncommon trap: reason=class_check action=maybe_recompile pc=0x0000000002a69440 method=com.android.dx.rop.cst.CstMemberRef.compareTo0(Lcom/android/dx/rop/cst/Constant;)I @ 1
Event: 0.392 Thread 0x000000005a848800 Uncommon trap: reason=class_check action=maybe_recompile pc=0x0000000002a69440 method=com.android.dx.rop.cst.CstMemberRef.compareTo0(Lcom/android/dx/rop/cst/Constant;)I @ 1
Event: 0.392 Thread 0x000000005a848800 Uncommon trap: reason=class_check action=maybe_recompile pc=0x0000000002a69440 method=com.android.dx.rop.cst.CstMemberRef.compareTo0(Lcom/android/dx/rop/cst/Constant;)I @ 1
Event: 0.392 Thread 0x000000005a823800 Uncommon trap: reason=class_check action=maybe_recompile pc=0x0000000002a69440 method=com.android.dx.rop.cst.CstMemberRef.compareTo0(Lcom/android/dx/rop/cst/Constant;)I @ 1
Event: 0.433 Thread 0x000000005a823800 Uncommon trap: reason=unstable_if action=reinterpret pc=0x0000000002a68a84 method=com.android.dx.rop.cst.CstFieldRef.compareTo0(Lcom/android/dx/rop/cst/Constant;)I @ 7

Internal exceptions (2 events):
Event: 0.036 Thread 0x00000000024ae800 Exception <a 'java/lang/NoSuchMethodError': Method sun.misc.Unsafe.defineClass(Ljava/lang/String;[BII)Ljava/lang/Class; name or signature does not match> (0x00000000eab07c78) thrown at [C:\src\android\AOSP-openjdk\external\jetbrains\jdk\hotspot\src\share\v[Æ" ¢?
Event: 0.036 Thread 0x00000000024ae800 Exception <a 'java/lang/NoSuchMethodError': Method sun.misc.Unsafe.prefetchRead(Ljava/lang/Object;J)V name or signature does not match> (0x00000000eab07f60) thrown at [C:\src\android\AOSP-openjdk\external\jetbrains\jdk\hotspot\src\share\vm\prims\jni.cpp, l

Events (10 events):
Event: 0.433 Thread 0x000000005a823800 DEOPT PACKING pc=0x0000000002a68a84 sp=0x000000005b1eed20
Event: 0.433 Thread 0x000000005a823800 DEOPT UNPACKING pc=0x000000000273556a sp=0x000000005b1eeca8 mode 2
Event: 0.450 loading class java/util/ArrayList$1
Event: 0.450 loading class java/util/ArrayList$1 done
Event: 0.480 loading class java/util/HashMap$KeySet
Event: 0.480 loading class java/util/HashMap$KeySet done
Event: 0.485 loading class java/util/HashMap$KeyIterator
Event: 0.485 loading class java/util/HashMap$KeyIterator done
Event: 0.496 Executing VM operation: ForceSafepoint
Event: 0.496 Executing VM operation: ForceSafepoint done


Dynamic libraries:
0x000000013fbc0000 - 0x000000013fbf1000 	E:\Android\AS\jre\bin\java.exe
0x0000000077400000 - 0x00000000775aa000 	C:\Windows\SYSTEM32\ntdll.dll
0x00000000772e0000 - 0x00000000773ff000 	C:\Windows\system32\kernel32.dll
0x000007fefd240000 - 0x000007fefd2aa000 	C:\Windows\system32\KERNELBASE.dll
0x000007fefe430000 - 0x000007fefe50b000 	C:\Windows\system32\ADVAPI32.dll
0x000007fefdfe0000 - 0x000007fefe07f000 	C:\Windows\system32\msvcrt.dll
0x000007fefd4a0000 - 0x000007fefd4bf000 	C:\Windows\SYSTEM32\sechost.dll
0x000007feff5e0000 - 0x000007feff70d000 	C:\Windows\system32\RPCRT4.dll
0x00000000771e0000 - 0x00000000772da000 	C:\Windows\system32\USER32.dll
0x000007fefdac0000 - 0x000007fefdb27000 	C:\Windows\system32\GDI32.dll
0x000007fefe080000 - 0x000007fefe08e000 	C:\Windows\system32\LPK.dll
0x000007fefdd40000 - 0x000007fefde0a000 	C:\Windows\system32\USP10.dll
0x000007fefbc60000 - 0x000007fefbe54000 	C:\Windows\WinSxS\amd64_microsoft.windows.common-controls_6595b64144ccf1df_6.0.7601.18837_none_fa3b1e3d17594757\COMCTL32.dll
0x000007fefde10000 - 0x000007fefde81000 	C:\Windows\system32\SHLWAPI.dll
0x000007fefe320000 - 0x000007fefe34e000 	C:\Windows\system32\IMM32.DLL
0x000007feff340000 - 0x000007feff449000 	C:\Windows\system32\MSCTF.dll
0x000000006a920000 - 0x000000006a9f2000 	E:\Android\AS\jre\jre\bin\msvcr100.dll
0x000000006bdf0000 - 0x000000006c62c000 	E:\Android\AS\jre\jre\bin\server\jvm.dll
0x000007fefb310000 - 0x000007fefb319000 	C:\Windows\system32\WSOCK32.dll
0x000007fefdef0000 - 0x000007fefdf3d000 	C:\Windows\system32\WS2_32.dll
0x000007fefe090000 - 0x000007fefe098000 	C:\Windows\system32\NSI.dll
0x000007fef8a10000 - 0x000007fef8a4b000 	C:\Windows\system32\WINMM.dll
0x000007fefc1d0000 - 0x000007fefc1dc000 	C:\Windows\system32\VERSION.dll
0x00000000775d0000 - 0x00000000775d7000 	C:\Windows\system32\PSAPI.DLL
0x000007fef63d0000 - 0x000007fef63df000 	E:\Android\AS\jre\jre\bin\verify.dll
0x000007fef1930000 - 0x000007fef1959000 	E:\Android\AS\jre\jre\bin\java.dll
0x000007fef1910000 - 0x000007fef1926000 	E:\Android\AS\jre\jre\bin\zip.dll
0x000007fefe5b0000 - 0x000007feff339000 	C:\Windows\system32\SHELL32.dll
0x000007fefdb30000 - 0x000007fefdd33000 	C:\Windows\system32\ole32.dll
0x000007fefd0f0000 - 0x000007fefd0ff000 	C:\Windows\system32\profapi.dll

VM Arguments:
jvm_args: -Djava.awt.headless=true -Xmx1024M -Dfile.encoding=GBK -Duser.country=CN -Duser.language=zh -Duser.variant 
java_command: com.android.dx.command.Main --dex --force-jumbo --num-threads=4 --multi-dex --output C:\Users\Administrator\Desktop\SoundRecorder\app\build\intermediates\transforms\dex\debug\folders\1000\5\slice_2 C:\Users\Administrator\Desktop\SoundRecorder\app\build\intermediates\transforms\instantRunSlicer\debug\folders\1\5\slice_2
java_class_path (initial): C:\Users\Administrator\AppData\Local\Android\Sdk\build-tools\25.0.0\lib\dx.jar
Launcher Type: SUN_STANDARD

Environment Variables:
JAVA_HOME=E:\Android\JDK\Java\jdk1.8.0_144
CLASSPATH=.;E:\Android\JDK\Java\jdk1.8.0_144\lib;E:\Android\JDK\Java\jdk1.8.0_144\lib\dt.jar;E:\Android\JDK\Java\jdk1.8.0_144\lib\tools.jar;
PATH=C:\ProgramData\Oracle\Java\javapath;C:\Windows\system32;C:\Windows;C:\Windows\System32\Wbem;C:\Windows\System32\WindowsPowerShell\v1.0\;E:\Android\JDK\Java\jdk1.8.0_144\bin;E:\Android\JDK\Java\jdk1.8.0_144\jre\bin;E:\Android\SDK\platform-tools;E:\Android\SDK\tools;C:\Program Files\TortoiseSVN\bin;E:\Android\SDK\tools\tools;E:\Git\Git\cmd
USERNAME=Administrator
OS=Windows_NT
PROCESSOR_IDENTIFIER=Intel64 Family 6 Model 45 Stepping 6, GenuineIntel



---------------  S Y S T E M  ---------------

OS: Windows 7 , 64 bit Build 7601 (6.1.7601.23677)

CPU:total 16 (8 cores per cpu, 2 threads per core) family 6 model 45 stepping 6, cmov, cx8, fxsr, mmx, sse, sse2, sse3, ssse3, sse4.1, sse4.2, popcnt, avx, aes, clmul, ht, tsc, tscinvbit, tscinv

Memory: 4k page, physical 8318444k(422872k free), swap 11426068k(238200k free)

vm_info: OpenJDK 64-Bit Server VM (25.112-b06) for windows-amd64 JRE (1.8.0_112-release-b06), built on Dec  8 2016 00:54:26 by "builder" with MS VC++ 10.0 (VS2010)

time: Mon Dec 11 15:03:44 2017
elapsed time: 0 seconds (0d 0h 0m 0s)

