
---------------  P R O C E S S  ---------------

Java Threads: ( => current thread )
  0x0000000057495800 JavaThread "pool-2-thread-2" [_thread_blocked, id=4512, stack(0x000000005af40000,0x000000005b040000)]
  0x0000000057493000 JavaThread "pool-3-thread-1" [_thread_blocked, id=8108, stack(0x000000005b210000,0x000000005b310000)]
  0x0000000057492000 JavaThread "pool-2-thread-1" [_thread_in_vm, id=4028, stack(0x000000005b0f0000,0x000000005b1f0000)]
  0x0000000057386000 JavaThread "Service Thread" daemon [_thread_blocked, id=6836, stack(0x000000005a480000,0x000000005a580000)]
  0x0000000057313800 JavaThread "C1 CompilerThread11" daemon [_thread_in_native, id=7392, stack(0x000000005a100000,0x000000005a200000)]
  0x0000000057312800 JavaThread "C1 CompilerThread10" daemon [_thread_in_native, id=7056, stack(0x000000005a2b0000,0x000000005a3b0000)]
  0x0000000057312000 JavaThread "C1 CompilerThread9" daemon [_thread_in_native, id=3116, stack(0x0000000059d80000,0x0000000059e80000)]
=>0x0000000057311000 JavaThread "C1 CompilerThread8" daemon [_thread_in_native, id=5824, stack(0x0000000059ff0000,0x000000005a0f0000)]
  0x0000000057310800 JavaThread "C2 CompilerThread7" daemon [_thread_blocked, id=7616, stack(0x0000000059970000,0x0000000059a70000)]
  0x000000005730f800 JavaThread "C2 CompilerThread6" daemon [_thread_blocked, id=7936, stack(0x0000000059e80000,0x0000000059f80000)]
  0x00000000572f9800 JavaThread "C2 CompilerThread5" daemon [_thread_blocked, id=1340, stack(0x0000000059c70000,0x0000000059d70000)]
  0x00000000572c2800 JavaThread "C2 CompilerThread4" daemon [_thread_blocked, id=5312, stack(0x0000000059af0000,0x0000000059bf0000)]
  0x00000000572a2000 JavaThread "C2 CompilerThread3" daemon [_thread_blocked, id=840, stack(0x0000000059860000,0x0000000059960000)]
  0x00000000572a1000 JavaThread "C2 CompilerThread2" daemon [_thread_blocked, id=3196, stack(0x00000000595d0000,0x00000000596d0000)]
  0x00000000572a0000 JavaThread "C2 CompilerThread1" daemon [_thread_blocked, id=6196, stack(0x0000000059740000,0x0000000059840000)]
  0x0000000057296000 JavaThread "C2 CompilerThread0" daemon [_thread_in_vm, id=7148, stack(0x00000000593b0000,0x00000000594b0000)]
  0x000000005727b000 JavaThread "Attach Listener" daemon [_thread_blocked, id=4552, stack(0x00000000594d0000,0x00000000595d0000)]
  0x000000005727a000 JavaThread "Signal Dispatcher" daemon [_thread_blocked, id=4300, stack(0x0000000058e50000,0x0000000058f50000)]
  0x0000000055d84000 JavaThread "Finalizer" daemon [_thread_blocked, id=2744, stack(0x0000000059280000,0x0000000059380000)]
  0x000000005721b000 JavaThread "Reference Handler" daemon [_thread_blocked, id=4508, stack(0x0000000059170000,0x0000000059270000)]

Other Threads:
  0x0000000057210800 VMThread [stack: 0x0000000058fc0000,0x00000000590c0000] [id=7852]
  0x0000000057388000 WatcherThread [stack: 0x000000005a610000,0x000000005a710000] [id=5672]

VM state:not at safepoint (normal execution)

VM Mutex/Monitor currently owned by a thread: None

Heap:
 PSYoungGen      total 38400K, used 7321K [0x00000000eab00000, 0x00000000ed580000, 0x0000000100000000)
  eden space 33280K, 24% used [0x00000000eab00000,0x00000000eb2cceb0,0x00000000ecb80000)
  from space 5120K, 0% used [0x00000000ed080000,0x00000000ed080000,0x00000000ed580000)
  to   space 5120K, 0% used [0x00000000ecb80000,0x00000000ecb80000,0x00000000ed080000)
 ParOldGen       total 87552K, used 0K [0x00000000c0000000, 0x00000000c5580000, 0x00000000eab00000)
  object space 87552K, 0% used [0x00000000c0000000,0x00000000c0000000,0x00000000c5580000)
 Metaspace       used 3752K, capacity 5104K, committed 5376K, reserved 1056768K
  class space    used 409K, capacity 488K, committed 512K, reserved 1048576K

Card table byte_map: [0x0000000011b40000,0x0000000011d50000] byte_map_base: 0x0000000011540000

Marking Bits: (ParMarkBitMap*) 0x000000006c5b18f0
 Begin Bits: [0x0000000013190000, 0x0000000014190000)
 End Bits:   [0x0000000014190000, 0x0000000015190000)

Polling page: 0x0000000000330000

CodeCache: size=245760Kb used=3035Kb max_used=3043Kb free=242724Kb
 bounds [0x0000000002780000, 0x0000000002a80000, 0x0000000011780000]
 total_blobs=405 nmethods=151 adapters=165
 compilation: enabled

Compilation events (10 events):
Event: 0.273 Thread 0x0000000057312800 nmethod 141 0x0000000002a758d0 code [0x0000000002a75a20, 0x0000000002a75b30]
Event: 0.273 Thread 0x0000000057311000  149       1       com.android.dx.util.ByteArray::size (5 bytes)
Event: 0.273 Thread 0x0000000057312800  150       3       com.android.dx.rop.cst.Constant::<init> (5 bytes)
Event: 0.274 Thread 0x0000000057311000 nmethod 149 0x0000000002a75b90 code [0x0000000002a75ce0, 0x0000000002a75df0]
Event: 0.274 Thread 0x0000000057311000  151       3       com.android.dx.rop.cst.CstString::utf8BytesToString (391 bytes)
Event: 0.274 Thread 0x0000000057312800 nmethod 150 0x0000000002a75e50 code [0x0000000002a75fa0, 0x0000000002a76150]
Event: 0.274 Thread 0x00000000572f9800 nmethod 135 0x0000000002a78f50 code [0x0000000002a79080, 0x0000000002a791d8]
Event: 0.274 Thread 0x0000000057312800  152       1       com.android.dx.cf.direct.DirectClassFile::getBytes (5 bytes)
Event: 0.274 Thread 0x0000000057312800 nmethod 152 0x0000000002a78c90 code [0x0000000002a78de0, 0x0000000002a78ef0]
Event: 0.274 Thread 0x0000000057312800  155       3       java.util.WeakHashMap::remove (133 bytes)

GC Heap History (0 events):
No events

Deoptimization events (0 events):
No events

Internal exceptions (2 events):
Event: 0.027 Thread 0x00000000024ae800 Exception <a 'java/lang/NoSuchMethodError': Method sun.misc.Unsafe.defineClass(Ljava/lang/String;[BII)Ljava/lang/Class; name or signature does not match> (0x00000000eab07c78) thrown at [C:\src\android\AOSP-openjdk\external\jetbrains\jdk\hotspot\src\share\vÄ¼+|¤h›?
Event: 0.027 Thread 0x00000000024ae800 Exception <a 'java/lang/NoSuchMethodError': Method sun.misc.Unsafe.prefetchRead(Ljava/lang/Object;J)V name or signature does not match> (0x00000000eab07f60) thrown at [C:\src\android\AOSP-openjdk\external\jetbrains\jdk\hotspot\src\share\vm\prims\jni.cpp, l

Events (10 events):
Event: 0.271 loading class com/android/dx/dex/cf/CfTranslator
Event: 0.271 loading class com/android/dx/dex/cf/CfTranslator done
Event: 0.272 Thread 0x0000000057493000 Thread added: 0x0000000057493000
Event: 0.272 loading class java/util/concurrent/locks/LockSupport
Event: 0.272 loading class java/util/concurrent/locks/LockSupport done
Event: 0.272 loading class sun/nio/ch/Interruptible
Event: 0.272 loading class sun/nio/ch/Interruptible done
Event: 0.272 loading class com/android/dx/dex/code/DalvCode$AssignIndicesCallback
Event: 0.272 loading class com/android/dx/dex/code/DalvCode$AssignIndicesCallback done
Event: 0.274 Thread 0x0000000057495800 Thread added: 0x0000000057495800


Dynamic libraries:
0x000000013fbc0000 - 0x000000013fbf1000 	E:\Android\AS\jre\bin\java.exe
0x0000000077400000 - 0x00000000775aa000 	C:\Windows\SYSTEM32\ntdll.dll
0x00000000772e0000 - 0x00000000773ff000 	C:\Windows\system32\kernel32.dll
0x000007fefd240000 - 0x000007fefd2aa000 	C:\Windows\system32\KERNELBASE.dll
0x000007fefe430000 - 0x000007fefe50b000 	C:\Windows\system32\ADVAPI32.dll
0x000007fefdfe0000 - 0x000007fefe07f000 	C:\Windows\system32\msvcrt.dll
0x000007fefd4a0000 - 0x000007fefd4bf000 	C:\Windows\SYSTEM32\sechost.dll
0x000007feff5e0000 - 0x000007feff70d000 	C:\Windows\system32\RPCRT4.dll
0x00000000771e0000 - 0x00000000772da000 	C:\Windows\system32\USER32.dll
0x000007fefdac0000 - 0x000007fefdb27000 	C:\Windows\system32\GDI32.dll
0x000007fefe080000 - 0x000007fefe08e000 	C:\Windows\system32\LPK.dll
0x000007fefdd40000 - 0x000007fefde0a000 	C:\Windows\system32\USP10.dll
0x000007fefbc60000 - 0x000007fefbe54000 	C:\Windows\WinSxS\amd64_microsoft.windows.common-controls_6595b64144ccf1df_6.0.7601.18837_none_fa3b1e3d17594757\COMCTL32.dll
0x000007fefde10000 - 0x000007fefde81000 	C:\Windows\system32\SHLWAPI.dll
0x000007fefe320000 - 0x000007fefe34e000 	C:\Windows\system32\IMM32.DLL
0x000007feff340000 - 0x000007feff449000 	C:\Windows\system32\MSCTF.dll
0x000000006a920000 - 0x000000006a9f2000 	E:\Android\AS\jre\jre\bin\msvcr100.dll
0x000000006bdf0000 - 0x000000006c62c000 	E:\Android\AS\jre\jre\bin\server\jvm.dll
0x000007fefb310000 - 0x000007fefb319000 	C:\Windows\system32\WSOCK32.dll
0x000007fefdef0000 - 0x000007fefdf3d000 	C:\Windows\system32\WS2_32.dll
0x000007fefe090000 - 0x000007fefe098000 	C:\Windows\system32\NSI.dll
0x000007fef8a10000 - 0x000007fef8a4b000 	C:\Windows\system32\WINMM.dll
0x000007fefc1d0000 - 0x000007fefc1dc000 	C:\Windows\system32\VERSION.dll
0x00000000775d0000 - 0x00000000775d7000 	C:\Windows\system32\PSAPI.DLL
0x000007fef63d0000 - 0x000007fef63df000 	E:\Android\AS\jre\jre\bin\verify.dll
0x000007fef1930000 - 0x000007fef1959000 	E:\Android\AS\jre\jre\bin\java.dll
0x000007fef1910000 - 0x000007fef1926000 	E:\Android\AS\jre\jre\bin\zip.dll
0x000007fefe5b0000 - 0x000007feff339000 	C:\Windows\system32\SHELL32.dll
0x000007fefdb30000 - 0x000007fefdd33000 	C:\Windows\system32\ole32.dll
0x000007fefd0f0000 - 0x000007fefd0ff000 	C:\Windows\system32\profapi.dll

VM Arguments:
jvm_args: -Djava.awt.headless=true -Xmx1024M -Dfile.encoding=GBK -Duser.country=CN -Duser.language=zh -Duser.variant 
java_command: com.android.dx.command.Main --dex --force-jumbo --num-threads=4 --multi-dex --output C:\Users\Administrator\Desktop\SoundRecorder\app\build\intermediates\transforms\dex\debug\folders\1000\5\slice_0 C:\Users\Administrator\Desktop\SoundRecorder\app\build\intermediates\transforms\instantRunSlicer\debug\folders\1\5\slice_0
java_class_path (initial): C:\Users\Administrator\AppData\Local\Android\Sdk\build-tools\25.0.0\lib\dx.jar
Launcher Type: SUN_STANDARD

Environment Variables:
JAVA_HOME=E:\Android\JDK\Java\jdk1.8.0_144
CLASSPATH=.;E:\Android\JDK\Java\jdk1.8.0_144\lib;E:\Android\JDK\Java\jdk1.8.0_144\lib\dt.jar;E:\Android\JDK\Java\jdk1.8.0_144\lib\tools.jar;
PATH=C:\ProgramData\Oracle\Java\javapath;C:\Windows\system32;C:\Windows;C:\Windows\System32\Wbem;C:\Windows\System32\WindowsPowerShell\v1.0\;E:\Android\JDK\Java\jdk1.8.0_144\bin;E:\Android\JDK\Java\jdk1.8.0_144\jre\bin;E:\Android\SDK\platform-tools;E:\Android\SDK\tools;C:\Program Files\TortoiseSVN\bin;E:\Android\SDK\tools\tools;E:\Git\Git\cmd
USERNAME=Administrator
OS=Windows_NT
PROCESSOR_IDENTIFIER=Intel64 Family 6 Model 45 Stepping 6, GenuineIntel



---------------  S Y S T E M  ---------------

OS: Windows 7 , 64 bit Build 7601 (6.1.7601.23677)

CPU:total 16 (8 cores per cpu, 2 threads per core) family 6 model 45 stepping 6, cmov, cx8, fxsr, mmx, sse, sse2, sse3, ssse3, sse4.1, sse4.2, popcnt, avx, aes, clmul, ht, tsc, tscinvbit, tscinv

Memory: 4k page, physical 8318444k(405068k free), swap 11426068k(5104k free)

vm_info: OpenJDK 64-Bit Server VM (25.112-b06) for windows-amd64 JRE (1.8.0_112-release-b06), built on Dec  8 2016 00:54:26 by "builder" with MS VC++ 10.0 (VS2010)

time: Mon Dec 11 15:03:47 2017
elapsed time: 0 seconds (0d 0h 0m 0s)

