#
# There is insufficient memory for the Java Runtime Environment to continue.
# Native memory allocation (malloc) failed to allocate 32744 bytes for ChunkPool::allocate
# Possible reasons:
#   The system is out of physical RAM or swap space
#   In 32 bit mode, the process size limit was hit
# Possible solutions:
#   Reduce memory load on the system
#   Increase physical memory or swap space
#   Check if swap backing store is full
#   Use 64 bit Java on a 64 bit OS
#   Decrease Java heap size (-Xmx/-Xms)
#   Decrease number of Java threads
#   Decrease Java thread stack sizes (-Xss)
#   Set larger code cache with -XX:ReservedCodeCacheSize=
# This output file may be truncated or incomplete.
#
#  Out of Memory Error (allocation.cpp:273), pid=3116, tid=0x0000000000001428
#
# JRE version: OpenJDK Runtime Environment (8.0_112-b06) (build 1.8.0_112-release-b06)
# Java VM: OpenJDK 64-Bit Server VM (25.112-b06 mixed mode windows-amd64 compressed oops)
# Failed to write core dump. Minidumps are not enabled by default on client versions of Windows
#

---------------  T H R E A D  ---------------

Current thread (0x0000000057216000):  JavaThread "pool-1-thread-1" [_thread_in_vm, id=5160, stack(0x000000005ae90000,0x000000005af90000)]

Stack: [0x000000005ae90000,0x000000005af90000]
[error occurred during error reporting (printing stack bounds), id 0xc0000005]

Native frames: (J=compiled Java code, j=interpreted, Vv=VM code, C=native code)

Java frames: (J=compiled Java code, j=interpreted, Vv=VM code)
J 103  java.lang.ClassLoader.findLoadedClass0(Ljava/lang/String;)Ljava/lang/Class; (0 bytes) @ 0x000000000298c3cf [0x000000000298c380+0x4f]
J 100 C1 java.lang.ClassLoader.loadClass(Ljava/lang/String;Z)Ljava/lang/Class; (122 bytes) @ 0x000000000298dfcc [0x000000000298da40+0x58c]
j  sun.misc.Launcher$AppClassLoader.loadClass(Ljava/lang/String;Z)Ljava/lang/Class;+81
j  java.lang.ClassLoader.loadClass(Ljava/lang/String;)Ljava/lang/Class;+3
v  ~StubRoutines::call_stub
j  com.android.dx.dex.cf.CfTranslator.processMethods(Lcom/android/dx/cf/direct/DirectClassFile;Lcom/android/dx/dex/cf/CfOptions;Lcom/android/dx/dex/DexOptions;Lcom/android/dx/dex/file/ClassDefItem;Lcom/android/dx/dex/file/DexFile;)V+176
j  com.android.dx.dex.cf.CfTranslator.translate0(Lcom/android/dx/cf/direct/DirectClassFile;[BLcom/android/dx/dex/cf/CfOptions;Lcom/android/dx/dex/DexOptions;Lcom/android/dx/dex/file/DexFile;)Lcom/android/dx/dex/file/ClassDefItem;+120
j  com.android.dx.dex.cf.CfTranslator.translate(Lcom/android/dx/cf/direct/DirectClassFile;[BLcom/android/dx/dex/cf/CfOptions;Lcom/android/dx/dex/DexOptions;Lcom/android/dx/dex/file/DexFile;)Lcom/android/dx/dex/file/ClassDefItem;+6
j  com.android.dx.command.dexer.Main.translateClass([BLcom/android/dx/cf/direct/DirectClassFile;)Lcom/android/dx/dex/file/ClassDefItem;+17
j  com.android.dx.command.dexer.Main.access$2700([BLcom/android/dx/cf/direct/DirectClassFile;)Lcom/android/dx/dex/file/ClassDefItem;+2
j  com.android.dx.command.dexer.Main$ClassTranslatorTask.call()Lcom/android/dx/dex/file/ClassDefItem;+8
j  com.android.dx.command.dexer.Main$ClassTranslatorTask.call()Ljava/lang/Object;+1
j  java.util.concurrent.FutureTask.run()V+42
j  java.util.concurrent.ThreadPoolExecutor.runWorker(Ljava/util/concurrent/ThreadPoolExecutor$Worker;)V+95
j  java.util.concurrent.ThreadPoolExecutor$Worker.run()V+5
j  java.lang.Thread.run()V+11
v  ~StubRoutines::call_stub

---------------  P R O C E S S  ---------------

Java Threads: ( => current thread )
  0x0000000057237000 JavaThread "pool-1-thread-3" [_thread_blocked, id=4176, stack(0x000000005b280000,0x000000005b380000)]
  0x0000000057230000 JavaThread "pool-1-thread-2" [_thread_in_vm, id=3544, stack(0x000000005b130000,0x000000005b230000)]
  0x000000005721a000 JavaThread "pool-2-thread-1" [_thread_blocked, id=8040, stack(0x000000005ad90000,0x000000005ae90000)]
=>0x0000000057216000 JavaThread "pool-1-thread-1" [_thread_in_vm, id=5160, stack(0x000000005ae90000,0x000000005af90000)]
  0x0000000057109800 JavaThread "Service Thread" daemon [_thread_blocked, id=4840, stack(0x000000005a480000,0x000000005a580000)]
  0x00000000570ac800 JavaThread "C1 CompilerThread11" daemon [_thread_in_native, id=1928, stack(0x000000005a310000,0x000000005a410000)]
  0x00000000570ac000 JavaThread "C1 CompilerThread10" daemon [_thread_blocked, id=7824, stack(0x000000005a070000,0x000000005a170000)]
  0x00000000570ab000 JavaThread "C1 CompilerThread9" daemon [_thread_blocked, id=7324, stack(0x0000000059dc0000,0x0000000059ec0000)]
  0x00000000570aa800 JavaThread "C1 CompilerThread8" daemon [_thread_blocked, id=4156, stack(0x0000000059ec0000,0x0000000059fc0000)]
  0x00000000570a9800 JavaThread "C2 CompilerThread7" daemon [_thread_in_native, id=3864, stack(0x00000000594b0000,0x00000000595b0000)]
  0x0000000057099000 JavaThread "C2 CompilerThread6" daemon [_thread_blocked, id=2476, stack(0x0000000059cc0000,0x0000000059dc0000)]
  0x000000005707a800 JavaThread "C2 CompilerThread5" daemon [_thread_blocked, id=7076, stack(0x0000000059a50000,0x0000000059b50000)]
  0x000000005705c000 JavaThread "C2 CompilerThread4" daemon [_thread_blocked, id=7500, stack(0x0000000059b50000,0x0000000059c50000)]
  0x0000000057033800 JavaThread "C2 CompilerThread3" daemon [_thread_blocked, id=7172, stack(0x0000000059930000,0x0000000059a30000)]
  0x0000000057032000 JavaThread "C2 CompilerThread2" daemon [_thread_blocked, id=7792, stack(0x00000000597a0000,0x00000000598a0000)]
  0x0000000057031800 JavaThread "C2 CompilerThread1" daemon [_thread_blocked, id=3912, stack(0x00000000595b0000,0x00000000596b0000)]
  0x000000005700e800 JavaThread "C2 CompilerThread0" daemon [_thread_blocked, id=7860, stack(0x0000000059310000,0x0000000059410000)]
  0x0000000056ff8800 JavaThread "Attach Listener" daemon [_thread_blocked, id=7148, stack(0x0000000059120000,0x0000000059220000)]
  0x0000000057020800 JavaThread "Signal Dispatcher" daemon [_thread_blocked, id=6684, stack(0x0000000058f10000,0x0000000059010000)]
  0x0000000055b15000 JavaThread "Finalizer" daemon [_thread_blocked, id=7376, stack(0x0000000059020000,0x0000000059120000)]
  0x0000000056fab800 JavaThread "Reference Handler" daemon [_thread_blocked, id=4868, stack(0x0000000058dd0000,0x0000000058ed0000)]
  0x00000000003fe800 JavaThread "main" [_thread_in_Java, id=5056, stack(0x00000000025b0000,0x00000000026b0000)]

Other Threads:
  0x0000000056fa2800 VMThread [stack: 0x0000000058cd0000,0x0000000058dd0000] [id=6548]
  0x000000005710b800 WatcherThread [stack: 0x000000005a1b0000,0x000000005a2b0000] [id=6884]

VM state:not at safepoint (normal execution)

VM Mutex/Monitor currently owned by a thread: None

Heap:
 PSYoungGen      total 38400K, used 8653K [0x00000000eab00000, 0x00000000ed580000, 0x0000000100000000)
  eden space 33280K, 26% used [0x00000000eab00000,0x00000000eb3734b0,0x00000000ecb80000)
  from space 5120K, 0% used [0x00000000ed080000,0x00000000ed080000,0x00000000ed580000)
  to   space 5120K, 0% used [0x00000000ecb80000,0x00000000ecb80000,0x00000000ed080000)
 ParOldGen       total 87552K, used 0K [0x00000000c0000000, 0x00000000c5580000, 0x00000000eab00000)
  object space 87552K, 0% used [0x00000000c0000000,0x00000000c0000000,0x00000000c5580000)
 Metaspace       used 3926K, capacity 5232K, committed 5376K, reserved 1056768K
  class space    used 423K, capacity 488K, committed 512K, reserved 1048576K

Card table byte_map: [0x0000000011a70000,0x0000000011c80000] byte_map_base: 0x0000000011470000

Marking Bits: (ParMarkBitMap*) 0x000000006c5b18f0
 Begin Bits: [0x0000000012f20000, 0x0000000013f20000)
 End Bits:   [0x0000000013f20000, 0x0000000014f20000)

Polling page: 0x0000000000440000

CodeCache: size=245760Kb used=3121Kb max_used=3121Kb free=242638Kb
 bounds [0x00000000026b0000, 0x00000000029c0000, 0x00000000116b0000]
 total_blobs=445 nmethods=188 adapters=167
 compilation: disabled (not enough contiguous free space left)

Compilation events (10 events):
Event: 0.177 Thread 0x00000000570ac000  185       3       java.util.BitSet::set (58 bytes)
Event: 0.177 Thread 0x00000000570aa800 nmethod 183 0x00000000029b78d0 code [0x00000000029b7a20, 0x00000000029b7bb0]
Event: 0.177 Thread 0x00000000570aa800  186       3       java.util.BitSet::expandTo (23 bytes)
Event: 0.177 Thread 0x00000000570ac800 nmethod 178 0x00000000029b7c10 code [0x00000000029b7d60, 0x00000000029b7e70]
Event: 0.177 Thread 0x00000000570aa800 nmethod 186 0x00000000029b7ed0 code [0x00000000029b8040, 0x00000000029b8228]
Event: 0.177 Thread 0x00000000570ac000 nmethod 185 0x00000000029b82d0 code [0x00000000029b84e0, 0x00000000029b8ef8]
Event: 0.181 Thread 0x00000000570a9800  193       4       com.android.dx.util.ByteArray::checkOffsets (66 bytes)
Event: 0.181 Thread 0x00000000570ac800  188       3       java.util.HashMap::putVal (300 bytes)
Event: 0.181 Thread 0x00000000570aa800  187       3       java.util.HashMap::put (13 bytes)
Event: 0.181 Thread 0x00000000570ac000  192       3       com.android.dx.rop.cst.StdConstantPool::set (123 bytes)

GC Heap History (0 events):
No events

Deoptimization events (0 events):
No events

Internal exceptions (2 events):
Event: 0.027 Thread 0x00000000003fe800 Exception <a 'java/lang/NoSuchMethodError': Method sun.misc.Unsafe.defineClass(Ljava/lang/String;[BII)Ljava/lang/Class; name or signature does not match> (0x00000000eab07c78) thrown at [C:\src\android\AOSP-openjdk\external\jetbrains\jdk\hotspot\src\share\vзм*5Y_Ы?
Event: 0.027 Thread 0x00000000003fe800 Exception <a 'java/lang/NoSuchMethodError': Method sun.misc.Unsafe.prefetchRead(Ljava/lang/Object;J)V name or signature does not match> (0x00000000eab07f60) thrown at [C:\src\android\AOSP-openjdk\external\jetbrains\jdk\hotspot\src\share\vm\prims\jni.cpp, l

Events (10 events):
Event: 0.179 loading class com/android/dx/rop/annotation/Annotation
Event: 0.179 loading class com/android/dx/rop/annotation/Annotation done
Event: 0.179 loading class com/android/dx/rop/cst/CstArray$List
Event: 0.179 loading class com/android/dx/rop/cst/CstArray$List done
Event: 0.179 loading class com/android/dx/cf/code/Ropper
Event: 0.179 loading class com/android/dx/cf/code/Ropper done
Event: 0.180 loading class com/android/dx/cf/code/Machine
Event: 0.180 loading class com/android/dx/cf/code/Machine done
Event: 0.181 loading class com/android/dx/rop/annotation/AnnotationVisibility
Event: 0.181 loading class com/android/dx/rop/annotation/AnnotationVisibility done


Dynamic libraries:
0x000000013fbc0000 - 0x000000013fbf1000 	E:\Android\AS\jre\bin\java.exe
0x0000000077400000 - 0x00000000775aa000 	C:\Windows\SYSTEM32\ntdll.dll
0x00000000772e0000 - 0x00000000773ff000 	C:\Windows\system32\kernel32.dll
0x000007fefd240000 - 0x000007fefd2aa000 	C:\Windows\system32\KERNELBASE.dll
0x000007fefe430000 - 0x000007fefe50b000 	C:\Windows\system32\ADVAPI32.dll
0x000007fefdfe0000 - 0x000007fefe07f000 	C:\Windows\system32\msvcrt.dll
0x000007fefd4a0000 - 0x000007fefd4bf000 	C:\Windows\SYSTEM32\sechost.dll
0x000007feff5e0000 - 0x000007feff70d000 	C:\Windows\system32\RPCRT4.dll
0x00000000771e0000 - 0x00000000772da000 	C:\Windows\system32\USER32.dll
0x000007fefdac0000 - 0x000007fefdb27000 	C:\Windows\system32\GDI32.dll
0x000007fefe080000 - 0x000007fefe08e000 	C:\Windows\system32\LPK.dll
0x000007fefdd40000 - 0x000007fefde0a000 	C:\Windows\system32\USP10.dll
0x000007fefbc60000 - 0x000007fefbe54000 	C:\Windows\WinSxS\amd64_microsoft.windows.common-controls_6595b64144ccf1df_6.0.7601.18837_none_fa3b1e3d17594757\COMCTL32.dll
0x000007fefde10000 - 0x000007fefde81000 	C:\Windows\system32\SHLWAPI.dll
0x000007fefe320000 - 0x000007fefe34e000 	C:\Windows\system32\IMM32.DLL
0x000007feff340000 - 0x000007feff449000 	C:\Windows\system32\MSCTF.dll
0x000000006a920000 - 0x000000006a9f2000 	E:\Android\AS\jre\jre\bin\msvcr100.dll
0x000000006bdf0000 - 0x000000006c62c000 	E:\Android\AS\jre\jre\bin\server\jvm.dll
0x000007fefb310000 - 0x000007fefb319000 	C:\Windows\system32\WSOCK32.dll
0x000007fefdef0000 - 0x000007fefdf3d000 	C:\Windows\system32\WS2_32.dll
0x000007fefe090000 - 0x000007fefe098000 	C:\Windows\system32\NSI.dll
0x000007fef8a10000 - 0x000007fef8a4b000 	C:\Windows\system32\WINMM.dll
0x000007fefc1d0000 - 0x000007fefc1dc000 	C:\Windows\system32\VERSION.dll
0x00000000775d0000 - 0x00000000775d7000 	C:\Windows\system32\PSAPI.DLL
0x000007fef63d0000 - 0x000007fef63df000 	E:\Android\AS\jre\jre\bin\verify.dll
0x000007fef1930000 - 0x000007fef1959000 	E:\Android\AS\jre\jre\bin\java.dll
0x000007fef1910000 - 0x000007fef1926000 	E:\Android\AS\jre\jre\bin\zip.dll
0x000007fefe5b0000 - 0x000007feff339000 	C:\Windows\system32\SHELL32.dll
0x000007fefdb30000 - 0x000007fefdd33000 	C:\Windows\system32\ole32.dll
0x000007fefd0f0000 - 0x000007fefd0ff000 	C:\Windows\system32\profapi.dll

VM Arguments:
jvm_args: -Djava.awt.headless=true -Xmx1024M -Dfile.encoding=GBK -Duser.country=CN -Duser.language=zh -Duser.variant 
java_command: com.android.dx.command.Main --dex --num-threads=4 --output C:\Users\Administrator\Desktop\SoundRecorder\app\build\intermediates\pre-dexed\debug\debug_551279571687b432718f5ffbab423aba27b8de38.jar C:\Users\Administrator\Desktop\SoundRecorder\app\build\intermediates\classes\debug
java_class_path (initial): C:\Users\Administrator\AppData\Local\Android\Sdk\build-tools\25.0.0\lib\dx.jar
Launcher Type: SUN_STANDARD

Environment Variables:
JAVA_HOME=E:\Android\JDK\Java\jdk1.8.0_144
CLASSPATH=.;E:\Android\JDK\Java\jdk1.8.0_144\lib;E:\Android\JDK\Java\jdk1.8.0_144\lib\dt.jar;E:\Android\JDK\Java\jdk1.8.0_144\lib\tools.jar;
PATH=C:\ProgramData\Oracle\Java\javapath;C:\Windows\system32;C:\Windows;C:\Windows\System32\Wbem;C:\Windows\System32\WindowsPowerShell\v1.0\;E:\Android\JDK\Java\jdk1.8.0_144\bin;E:\Android\JDK\Java\jdk1.8.0_144\jre\bin;E:\Android\SDK\platform-tools;E:\Android\SDK\tools;C:\Program Files\TortoiseSVN\bin;E:\Android\SDK\tools\tools;E:\Git\Git\cmd
USERNAME=Administrator
OS=Windows_NT
PROCESSOR_IDENTIFIER=Intel64 Family 6 Model 45 Stepping 6, GenuineIntel



---------------  S Y S T E M  ---------------

OS: Windows 7 , 64 bit Build 7601 (6.1.7601.23677)

CPU:total 16 (8 cores per cpu, 2 threads per core) family 6 model 45 stepping 6, cmov, cx8, fxsr, mmx, sse, sse2, sse3, ssse3, sse4.1, sse4.2, popcnt, avx, aes, clmul, ht, tsc, tscinvbit, tscinv

Memory: 4k page, physical 8318444k(483232k free), swap 11426068k(4040k free)

vm_info: OpenJDK 64-Bit Server VM (25.112-b06) for windows-amd64 JRE (1.8.0_112-release-b06), built on Dec  8 2016 00:54:26 by "builder" with MS VC++ 10.0 (VS2010)

time: Mon Dec 11 15:05:10 2017
elapsed time: 0 seconds (0d 0h 0m 0s)

