#
# There is insufficient memory for the Java Runtime Environment to continue.
# Native memory allocation (malloc) failed to allocate 2984 bytes for AllocateHeap
# Possible reasons:
#   The system is out of physical RAM or swap space
#   In 32 bit mode, the process size limit was hit
# Possible solutions:
#   Reduce memory load on the system
#   Increase physical memory or swap space
#   Check if swap backing store is full
#   Use 64 bit Java on a 64 bit OS
#   Decrease Java heap size (-Xmx/-Xms)
#   Decrease number of Java threads
#   Decrease Java thread stack sizes (-Xss)
#   Set larger code cache with -XX:ReservedCodeCacheSize=
# This output file may be truncated or incomplete.
#
#  Out of Memory Error (memory/allocation.inline.hpp:61), pid=1120, tid=0x0000000000001358
#
# JRE version: OpenJDK Runtime Environment (8.0_112-b06) (build 1.8.0_112-release-b06)
# Java VM: OpenJDK 64-Bit Server VM (25.112-b06 mixed mode windows-amd64 compressed oops)
# Failed to write core dump. Minidumps are not enabled by default on client versions of Windows
#

---------------  T H R E A D  ---------------

Current thread (0x000000000236e800):  JavaThread "main" [_thread_in_vm, id=4952, stack(0x00000000025f0000,0x00000000026f0000)]

Stack: [0x00000000025f0000,0x00000000026f0000]
[error occurred during error reporting (printing stack bounds), id 0xc0000005]

Native frames: (J=compiled Java code, j=interpreted, Vv=VM code, C=native code)

Java frames: (J=compiled Java code, j=interpreted, Vv=VM code)
j  java.lang.Thread.start0()V+0
j  java.lang.Thread.start()V+26
j  java.util.concurrent.ThreadPoolExecutor.addWorker(Ljava/lang/Runnable;Z)Z+257
j  java.util.concurrent.ThreadPoolExecutor.execute(Ljava/lang/Runnable;)V+34
j  java.util.concurrent.AbstractExecutorService.submit(Ljava/util/concurrent/Callable;)Ljava/util/concurrent/Future;+20
j  com.android.dx.command.dexer.Main$DirectClassFileConsumer.call(Lcom/android/dx/cf/direct/DirectClassFile;)Ljava/lang/Boolean;+303
j  com.android.dx.command.dexer.Main$DirectClassFileConsumer.access$700(Lcom/android/dx/command/dexer/Main$DirectClassFileConsumer;Lcom/android/dx/cf/direct/DirectClassFile;)Ljava/lang/Boolean;+2
j  com.android.dx.command.dexer.Main.processClass(Ljava/lang/String;[B)Z+37
j  com.android.dx.command.dexer.Main.processFileBytes(Ljava/lang/String;J[B)Z+188
j  com.android.dx.command.dexer.Main.access$1200(Ljava/lang/String;J[B)Z+3
j  com.android.dx.command.dexer.Main$FileBytesConsumer.processFileBytes(Ljava/lang/String;J[B)Z+4
j  com.android.dx.cf.direct.ClassPathOpener.processArchive(Ljava/io/File;)Z+203
j  com.android.dx.cf.direct.ClassPathOpener.processOne(Ljava/io/File;Z)Z+48
j  com.android.dx.cf.direct.ClassPathOpener.process()Z+15
j  com.android.dx.command.dexer.Main.processOne(Ljava/lang/String;Lcom/android/dx/cf/direct/ClassPathOpener$FileNameFilter;)V+20
j  com.android.dx.command.dexer.Main.processAllFiles()Z+272
j  com.android.dx.command.dexer.Main.runMonoDex()I+58
j  com.android.dx.command.dexer.Main.run(Lcom/android/dx/command/dexer/Main$Arguments;)I+76
j  com.android.dx.command.dexer.Main.main([Ljava/lang/String;)V+14
j  com.android.dx.command.Main.main([Ljava/lang/String;)V+61
v  ~StubRoutines::call_stub

---------------  P R O C E S S  ---------------

Java Threads: ( => current thread )
  0x0000000057226800 JavaThread "pool-2-thread-1" [_thread_blocked, id=4544, stack(0x000000005a910000,0x000000005aa10000)]
  0x0000000057225800 JavaThread "pool-1-thread-1" [_thread_blocked, id=6752, stack(0x000000005a7c0000,0x000000005a8c0000)]
  0x00000000570f2000 JavaThread "Service Thread" daemon [_thread_blocked, id=7460, stack(0x000000005a470000,0x000000005a570000)]
  0x00000000570cc000 JavaThread "C1 CompilerThread11" daemon [_thread_blocked, id=1960, stack(0x000000005a370000,0x000000005a470000)]
  0x00000000570c1000 JavaThread "C1 CompilerThread10" daemon [_thread_blocked, id=6964, stack(0x000000005a1c0000,0x000000005a2c0000)]
  0x00000000570b4000 JavaThread "C1 CompilerThread9" daemon [_thread_in_native, id=4760, stack(0x000000005a020000,0x000000005a120000)]
  0x00000000570ab000 JavaThread "C1 CompilerThread8" daemon [_thread_blocked, id=8152, stack(0x0000000059dd0000,0x0000000059ed0000)]
  0x00000000570a2800 JavaThread "C2 CompilerThread7" daemon [_thread_blocked, id=3800, stack(0x0000000059ef0000,0x0000000059ff0000)]
  0x0000000057099800 JavaThread "C2 CompilerThread6" daemon [_thread_blocked, id=6948, stack(0x0000000059c20000,0x0000000059d20000)]
  0x000000005707e000 JavaThread "C2 CompilerThread5" daemon [_thread_blocked, id=4788, stack(0x0000000059930000,0x0000000059a30000)]
  0x000000005706c800 JavaThread "C2 CompilerThread4" daemon [_thread_blocked, id=6632, stack(0x0000000059ab0000,0x0000000059bb0000)]
  0x000000005703c000 JavaThread "C2 CompilerThread3" daemon [_thread_blocked, id=7516, stack(0x00000000597f0000,0x00000000598f0000)]
  0x0000000057022800 JavaThread "C2 CompilerThread2" daemon [_thread_blocked, id=7160, stack(0x00000000596f0000,0x00000000597f0000)]
  0x0000000057022000 JavaThread "C2 CompilerThread1" daemon [_thread_blocked, id=7752, stack(0x0000000059550000,0x0000000059650000)]
  0x0000000056fff000 JavaThread "C2 CompilerThread0" daemon [_thread_blocked, id=3796, stack(0x0000000059370000,0x0000000059470000)]
  0x0000000057019000 JavaThread "Attach Listener" daemon [_thread_blocked, id=3784, stack(0x0000000058d70000,0x0000000058e70000)]
  0x0000000056fe9000 JavaThread "Signal Dispatcher" daemon [_thread_blocked, id=1220, stack(0x00000000591d0000,0x00000000592d0000)]
  0x0000000055b03800 JavaThread "Finalizer" daemon [_thread_blocked, id=6872, stack(0x0000000059000000,0x0000000059100000)]
  0x0000000056f9b000 JavaThread "Reference Handler" daemon [_thread_blocked, id=7356, stack(0x0000000058ef0000,0x0000000058ff0000)]
=>0x000000000236e800 JavaThread "main" [_thread_in_vm, id=4952, stack(0x00000000025f0000,0x00000000026f0000)]

Other Threads:
  0x0000000056f90800 VMThread [stack: 0x0000000058c70000,0x0000000058d70000] [id=6424]
  0x00000000570f4000 WatcherThread [stack: 0x000000005a660000,0x000000005a760000] [id=5492]

VM state:not at safepoint (normal execution)

VM Mutex/Monitor currently owned by a thread:  ([mutex/lock_event])
[0x000000000236c2b0] Threads_lock - owner thread: 0x000000000236e800

Heap:
 PSYoungGen      total 38400K, used 7336K [0x00000000eab00000, 0x00000000ed580000, 0x0000000100000000)
  eden space 33280K, 22% used [0x00000000eab00000,0x00000000eb22a108,0x00000000ecb80000)
  from space 5120K, 0% used [0x00000000ed080000,0x00000000ed080000,0x00000000ed580000)
  to   space 5120K, 0% used [0x00000000ecb80000,0x00000000ecb80000,0x00000000ed080000)
 ParOldGen       total 87552K, used 0K [0x00000000c0000000, 0x00000000c5580000, 0x00000000eab00000)
  object space 87552K, 0% used [0x00000000c0000000,0x00000000c0000000,0x00000000c5580000)
 Metaspace       used 3922K, capacity 5104K, committed 5376K, reserved 1056768K
  class space    used 427K, capacity 488K, committed 512K, reserved 1048576K

Card table byte_map: [0x0000000011ab0000,0x0000000011cc0000] byte_map_base: 0x00000000114b0000

Marking Bits: (ParMarkBitMap*) 0x000000006c5b18f0
 Begin Bits: [0x0000000012f10000, 0x0000000013f10000)
 End Bits:   [0x0000000013f10000, 0x0000000014f10000)

Polling page: 0x0000000000140000

CodeCache: size=245760Kb used=3130Kb max_used=3130Kb free=242629Kb
 bounds [0x00000000026f0000, 0x0000000002a00000, 0x00000000116f0000]
 total_blobs=460 nmethods=196 adapters=174
 compilation: disabled (not enough contiguous free space left)

Compilation events (10 events):
Event: 0.181 Thread 0x00000000570ab000  186       1       sun.misc.URLClassPath$Loader::getBaseURL (5 bytes)
Event: 0.181 Thread 0x00000000570ab000 nmethod 186 0x00000000029fc190 code [0x00000000029fc2e0, 0x00000000029fc3f0]
Event: 0.181 Thread 0x00000000570ab000  187       1       java.util.jar.Manifest::getEntries (5 bytes)
Event: 0.182 Thread 0x00000000570ab000 nmethod 187 0x00000000029fbed0 code [0x00000000029fc020, 0x00000000029fc130]
Event: 0.182 Thread 0x00000000570ab000  188       1       java.util.jar.Manifest::getMainAttributes (5 bytes)
Event: 0.182 Thread 0x00000000570ab000 nmethod 188 0x00000000029fbc10 code [0x00000000029fbd60, 0x00000000029fbe70]
Event: 0.182 Thread 0x00000000570ab000  189       1       java.util.jar.JarFile::access$300 (5 bytes)
Event: 0.182 Thread 0x00000000570ab000 nmethod 189 0x00000000029fe2d0 code [0x00000000029fe420, 0x00000000029fe510]
Event: 0.182 Thread 0x00000000570c1000 nmethod 198 0x00000000029fe590 code [0x00000000029fe760, 0x00000000029fee48]
Event: 0.182 Thread 0x00000000570cc000 


GC Heap History (0 events):
No events

Deoptimization events (1 events):
Event: 0.176 Thread 0x000000000236e800 Uncommon trap: reason=unstable_if action=reinterpret pc=0x00000000029d4284 method=java.lang.String.indexOf(II)I @ 49

Internal exceptions (4 events):
Event: 0.026 Thread 0x000000000236e800 Exception <a 'java/lang/NoSuchMethodError': Method sun.misc.Unsafe.defineClass(Ljava/lang/String;[BII)Ljava/lang/Class; name or signature does not match> (0x00000000eab07c78) thrown at [C:\src\android\AOSP-openjdk\external\jetbrains\jdk\hotspot\src\share\vkÎ¯oŒ#›?
Event: 0.027 Thread 0x000000000236e800 Exception <a 'java/lang/NoSuchMethodError': Method sun.misc.Unsafe.prefetchRead(Ljava/lang/Object;J)V name or signature does not match> (0x00000000eab07f60) thrown at [C:\src\android\AOSP-openjdk\external\jetbrains\jdk\hotspot\src\share\vm\prims\jni.cpp, lz•ŠÍ"Ç?
Event: 0.181 Thread 0x0000000057225800 Exception <a 'java/lang/OutOfMemoryError'> (0x00000000eb061c68) thrown at [C:\src\android\AOSP-openjdk\external\jetbrains\jdk\hotspot\src\share\vm\prims\jni.cpp, line 735]
Event: 0.181 Thread 0x0000000057225800 Exception <a 'java/lang/OutOfMemoryError'> (0x00000000eb061c68) thrown at [C:\src\android\AOSP-openjdk\external\jetbrains\jdk\hotspot\src\share\vm\prims\jvm.cpp, line 1394]

Events (10 events):
Event: 0.180 loading class com/android/dx/dex/file/ClassDefItem
Event: 0.180 loading class com/android/dx/dex/file/ClassDefItem done
Event: 0.181 loading class java/security/PrivilegedActionException
Event: 0.181 loading class java/security/PrivilegedActionException done
Event: 0.181 loading class com/android/dx/cf/attrib/InnerClassList
Event: 0.181 loading class com/android/dx/cf/attrib/InnerClassList done
Event: 0.182 loading class com/android/dx/cf/attrib/InnerClassList$Item
Event: 0.182 loading class com/android/dx/cf/attrib/InnerClassList$Item done
Event: 0.182 loading class com/android/dx/cf/attrib/AttInnerClasses
Event: 0.182 loading class com/android/dx/cf/attrib/AttInnerClasses done


Dynamic libraries:
0x000000013fbc0000 - 0x000000013fbf1000 	E:\Android\AS\jre\bin\java.exe
0x0000000077400000 - 0x00000000775aa000 	C:\Windows\SYSTEM32\ntdll.dll
0x00000000772e0000 - 0x00000000773ff000 	C:\Windows\system32\kernel32.dll
0x000007fefd240000 - 0x000007fefd2aa000 	C:\Windows\system32\KERNELBASE.dll
0x000007fefe430000 - 0x000007fefe50b000 	C:\Windows\system32\ADVAPI32.dll
0x000007fefdfe0000 - 0x000007fefe07f000 	C:\Windows\system32\msvcrt.dll
0x000007fefd4a0000 - 0x000007fefd4bf000 	C:\Windows\SYSTEM32\sechost.dll
0x000007feff5e0000 - 0x000007feff70d000 	C:\Windows\system32\RPCRT4.dll
0x00000000771e0000 - 0x00000000772da000 	C:\Windows\system32\USER32.dll
0x000007fefdac0000 - 0x000007fefdb27000 	C:\Windows\system32\GDI32.dll
0x000007fefe080000 - 0x000007fefe08e000 	C:\Windows\system32\LPK.dll
0x000007fefdd40000 - 0x000007fefde0a000 	C:\Windows\system32\USP10.dll
0x000007fefbc60000 - 0x000007fefbe54000 	C:\Windows\WinSxS\amd64_microsoft.windows.common-controls_6595b64144ccf1df_6.0.7601.18837_none_fa3b1e3d17594757\COMCTL32.dll
0x000007fefde10000 - 0x000007fefde81000 	C:\Windows\system32\SHLWAPI.dll
0x000007fefe320000 - 0x000007fefe34e000 	C:\Windows\system32\IMM32.DLL
0x000007feff340000 - 0x000007feff449000 	C:\Windows\system32\MSCTF.dll
0x000000006a920000 - 0x000000006a9f2000 	E:\Android\AS\jre\jre\bin\msvcr100.dll
0x000000006bdf0000 - 0x000000006c62c000 	E:\Android\AS\jre\jre\bin\server\jvm.dll
0x000007fefb310000 - 0x000007fefb319000 	C:\Windows\system32\WSOCK32.dll
0x000007fefdef0000 - 0x000007fefdf3d000 	C:\Windows\system32\WS2_32.dll
0x000007fefe090000 - 0x000007fefe098000 	C:\Windows\system32\NSI.dll
0x000007fef8a10000 - 0x000007fef8a4b000 	C:\Windows\system32\WINMM.dll
0x000007fefc1d0000 - 0x000007fefc1dc000 	C:\Windows\system32\VERSION.dll
0x00000000775d0000 - 0x00000000775d7000 	C:\Windows\system32\PSAPI.DLL
0x000007fef63d0000 - 0x000007fef63df000 	E:\Android\AS\jre\jre\bin\verify.dll
0x000007fef1930000 - 0x000007fef1959000 	E:\Android\AS\jre\jre\bin\java.dll
0x000007fef1910000 - 0x000007fef1926000 	E:\Android\AS\jre\jre\bin\zip.dll
0x000007fefe5b0000 - 0x000007feff339000 	C:\Windows\system32\SHELL32.dll
0x000007fefdb30000 - 0x000007fefdd33000 	C:\Windows\system32\ole32.dll
0x000007fefd0f0000 - 0x000007fefd0ff000 	C:\Windows\system32\profapi.dll

VM Arguments:
jvm_args: -Djava.awt.headless=true -Xmx1024M -Dfile.encoding=GBK -Duser.country=CN -Duser.language=zh -Duser.variant 
java_command: com.android.dx.command.Main --dex --num-threads=4 --output C:\Users\Administrator\Desktop\SoundRecorder\app\build\intermediates\pre-dexed\debug\classes_cf0f1e3a07761583d0ce315134e4aa513db30bd3.jar C:\Users\Administrator\.android\build-cache\8bd99de3bfff594e645f4ddb1dff02b807ab207c\output\jars\classes.jar
java_class_path (initial): C:\Users\Administrator\AppData\Local\Android\Sdk\build-tools\25.0.0\lib\dx.jar
Launcher Type: SUN_STANDARD

Environment Variables:
JAVA_HOME=E:\Android\JDK\Java\jdk1.8.0_144
CLASSPATH=.;E:\Android\JDK\Java\jdk1.8.0_144\lib;E:\Android\JDK\Java\jdk1.8.0_144\lib\dt.jar;E:\Android\JDK\Java\jdk1.8.0_144\lib\tools.jar;
PATH=C:\ProgramData\Oracle\Java\javapath;C:\Windows\system32;C:\Windows;C:\Windows\System32\Wbem;C:\Windows\System32\WindowsPowerShell\v1.0\;E:\Android\JDK\Java\jdk1.8.0_144\bin;E:\Android\JDK\Java\jdk1.8.0_144\jre\bin;E:\Android\SDK\platform-tools;E:\Android\SDK\tools;C:\Program Files\TortoiseSVN\bin;E:\Android\SDK\tools\tools;E:\Git\Git\cmd
USERNAME=Administrator
OS=Windows_NT
PROCESSOR_IDENTIFIER=Intel64 Family 6 Model 45 Stepping 6, GenuineIntel



---------------  S Y S T E M  ---------------

OS: Windows 7 , 64 bit Build 7601 (6.1.7601.23677)

CPU:total 16 (8 cores per cpu, 2 threads per core) family 6 model 45 stepping 6, cmov, cx8, fxsr, mmx, sse, sse2, sse3, ssse3, sse4.1, sse4.2, popcnt, avx, aes, clmul, ht, tsc, tscinvbit, tscinv

Memory: 4k page, physical 8318444k(483660k free), swap 11426068k(3776k free)

vm_info: OpenJDK 64-Bit Server VM (25.112-b06) for windows-amd64 JRE (1.8.0_112-release-b06), built on Dec  8 2016 00:54:26 by "builder" with MS VC++ 10.0 (VS2010)

time: Mon Dec 11 15:05:10 2017
elapsed time: 0 seconds (0d 0h 0m 0s)

